[0m[[0m[0mdebug[0m] [0m[0m> Exec(;Test/compile; collectAnalyses, None, Some(CommandSource(network-1)))[0m
[0m[[0m[0mdebug[0m] [0m[0mjsonRpcNotify: JsonRpcNotificationMessage(2.0, build/logMessage, {"type":4,"message":"Processing"})[0m
[0m[[0m[0mdebug[0m] [0m[0mjsonRpcNotify: JsonRpcNotificationMessage(2.0, build/logMessage, {"type":4,"message":"Done"})[0m
[0m[[0m[0mdebug[0m] [0m[0m> Exec(Test/compile, None, Some(CommandSource(network-1)))[0m
[0m[[0m[0mdebug[0m] [0m[0mjsonRpcNotify: JsonRpcNotificationMessage(2.0, build/logMessage, {"type":4,"message":"Processing"})[0m
[0m[[0m[0mdebug[0m] [0m[0mEvaluating tasks: Test / compile[0m
[0m[[0m[0mdebug[0m] [0m[0mRunning task... Cancel: Signal, check cycles: false, forcegc: true[0m
[0m[[0m[0mdebug[0m] [0m[0mjsonRpcNotify: JsonRpcNotificationMessage(2.0, build/taskStart, {"taskId":{"id":"44","parents":[]},"eventTime":1618161113437,"message":"Compiling root","dataKind":"compile-task","data":{"target":{"uri":"file:/home/monis/Desktop/chisel-quickstart/#root/Compile"}}})[0m
[0m[[0m[0minfo[0m] [0m[0mcompiling 1 Scala source to /home/monis/Desktop/chisel-quickstart/target/scala-2.12/classes ...[0m
[0m[[0m[0mdebug[0m] [0m[0mjsonRpcNotify: JsonRpcNotificationMessage(2.0, build/logMessage, {"type":3,"message":"compiling 1 Scala source to /home/monis/Desktop/chisel-quickstart/target/scala-2.12/classes ..."})[0m
[0m[[0m[0mdebug[0m] [0m[0mjsonRpcNotify: JsonRpcNotificationMessage(2.0, build/publishDiagnostics, {"textDocument":{"uri":"file:///home/monis/Desktop/chisel-quickstart/src/main/scala/Lab6/Task3_Lab6.scala"},"buildTarget":{"uri":"file:/home/monis/Desktop/chisel-quickstart/#root/Compile"},"diagnostics":[],"reset":true})[0m
[0m[[0m[0mdebug[0m] [0m[0mjsonRpcNotify: JsonRpcNotificationMessage(2.0, build/publishDiagnostics, {"textDocument":{"uri":"file:///home/monis/Desktop/chisel-quickstart/src/main/scala/Lab7/Task2_lab7.scala"},"buildTarget":{"uri":"file:/home/monis/Desktop/chisel-quickstart/#root/Compile"},"diagnostics":[],"reset":true})[0m
[0m[[0m[0mdebug[0m] [0m[0mjsonRpcNotify: JsonRpcNotificationMessage(2.0, build/publishDiagnostics, {"textDocument":{"uri":"file:///home/monis/Desktop/chisel-quickstart/src/main/scala/Lab6/Exercise4_Lab6.scala"},"buildTarget":{"uri":"file:/home/monis/Desktop/chisel-quickstart/#root/Compile"},"diagnostics":[],"reset":true})[0m
[0m[[0m[0mdebug[0m] [0m[0mjsonRpcNotify: JsonRpcNotificationMessage(2.0, build/publishDiagnostics, {"textDocument":{"uri":"file:///home/monis/Desktop/chisel-quickstart/src/main/scala/Lab3/Exercise1_Lab3.scala"},"buildTarget":{"uri":"file:/home/monis/Desktop/chisel-quickstart/#root/Compile"},"diagnostics":[],"reset":true})[0m
[0m[[0m[0mdebug[0m] [0m[0mjsonRpcNotify: JsonRpcNotificationMessage(2.0, build/publishDiagnostics, {"textDocument":{"uri":"file:///home/monis/Desktop/chisel-quickstart/src/main/scala/Lab1/Exercise1.scala"},"buildTarget":{"uri":"file:/home/monis/Desktop/chisel-quickstart/#root/Compile"},"diagnostics":[],"reset":true})[0m
[0m[[0m[0mdebug[0m] [0m[0mjsonRpcNotify: JsonRpcNotificationMessage(2.0, build/publishDiagnostics, {"textDocument":{"uri":"file:///home/monis/Desktop/chisel-quickstart/src/main/scala/gcd/gcd1.scala"},"buildTarget":{"uri":"file:/home/monis/Desktop/chisel-quickstart/#root/Compile"},"diagnostics":[],"reset":true})[0m
[0m[[0m[0mdebug[0m] [0m[0mjsonRpcNotify: JsonRpcNotificationMessage(2.0, build/publishDiagnostics, {"textDocument":{"uri":"file:///home/monis/Desktop/chisel-quickstart/src/main/scala/Lab1/Exercise2.scala"},"buildTarget":{"uri":"file:/home/monis/Desktop/chisel-quickstart/#root/Compile"},"diagnostics":[],"reset":true})[0m
[0m[[0m[0mdebug[0m] [0m[0mjsonRpcNotify: JsonRpcNotificationMessage(2.0, build/publishDiagnostics, {"textDocument":{"uri":"file:///home/monis/Desktop/chisel-quickstart/src/main/scala/Lab5/Exercise1_Lab5.scala"},"buildTarget":{"uri":"file:/home/monis/Desktop/chisel-quickstart/#root/Compile"},"diagnostics":[],"reset":true})[0m
[0m[[0m[0mdebug[0m] [0m[0mjsonRpcNotify: JsonRpcNotificationMessage(2.0, build/publishDiagnostics, {"textDocument":{"uri":"file:///home/monis/Desktop/chisel-quickstart/src/main/scala/Lab4/Instruction.scala"},"buildTarget":{"uri":"file:/home/monis/Desktop/chisel-quickstart/#root/Compile"},"diagnostics":[],"reset":true})[0m
[0m[[0m[0mdebug[0m] [0m[0mjsonRpcNotify: JsonRpcNotificationMessage(2.0, build/publishDiagnostics, {"textDocument":{"uri":"file:///home/monis/Desktop/chisel-quickstart/src/main/scala/Lab1/Exercise3.scala"},"buildTarget":{"uri":"file:/home/monis/Desktop/chisel-quickstart/#root/Compile"},"diagnostics":[],"reset":true})[0m
[0m[[0m[0mdebug[0m] [0m[0mjsonRpcNotify: JsonRpcNotificationMessage(2.0, build/publishDiagnostics, {"textDocument":{"uri":"file:///home/monis/Desktop/chisel-quickstart/src/main/scala/Lab3/ALU_control.scala"},"buildTarget":{"uri":"file:/home/monis/Desktop/chisel-quickstart/#root/Compile"},"diagnostics":[],"reset":true})[0m
[0m[[0m[0mdebug[0m] [0m[0mjsonRpcNotify: JsonRpcNotificationMessage(2.0, build/publishDiagnostics, {"textDocument":{"uri":"file:///home/monis/Desktop/chisel-quickstart/src/main/scala/Lab6/Exercise3_Lab6.scala"},"buildTarget":{"uri":"file:/home/monis/Desktop/chisel-quickstart/#root/Compile"},"diagnostics":[],"reset":true})[0m
[0m[[0m[0mdebug[0m] [0m[0mjsonRpcNotify: JsonRpcNotificationMessage(2.0, build/publishDiagnostics, {"textDocument":{"uri":"file:///home/monis/Desktop/chisel-quickstart/src/main/scala/Lab2/Exercise1_Lab2.scala"},"buildTarget":{"uri":"file:/home/monis/Desktop/chisel-quickstart/#root/Compile"},"diagnostics":[],"reset":true})[0m
[0m[[0m[0mdebug[0m] [0m[0mjsonRpcNotify: JsonRpcNotificationMessage(2.0, build/publishDiagnostics, {"textDocument":{"uri":"file:///home/monis/Desktop/chisel-quickstart/src/main/scala/Lab1/Task2.scala"},"buildTarget":{"uri":"file:/home/monis/Desktop/chisel-quickstart/#root/Compile"},"diagnostics":[],"reset":true})[0m
[0m[[0m[0mdebug[0m] [0m[0mjsonRpcNotify: JsonRpcNotificationMessage(2.0, build/publishDiagnostics, {"textDocument":{"uri":"file:///home/monis/Desktop/chisel-quickstart/src/main/scala/Lab2/Task2_Lab2.scala"},"buildTarget":{"uri":"file:/home/monis/Desktop/chisel-quickstart/#root/Compile"},"diagnostics":[],"reset":true})[0m
[0m[[0m[0mdebug[0m] [0m[0mjsonRpcNotify: JsonRpcNotificationMessage(2.0, build/publishDiagnostics, {"textDocument":{"uri":"file:///home/monis/Desktop/chisel-quickstart/src/main/scala/Lab5/Task1_Lab5.scala"},"buildTarget":{"uri":"file:/home/monis/Desktop/chisel-quickstart/#root/Compile"},"diagnostics":[],"reset":true})[0m
[0m[[0m[0mdebug[0m] [0m[0mjsonRpcNotify: JsonRpcNotificationMessage(2.0, build/publishDiagnostics, {"textDocument":{"uri":"file:///home/monis/Desktop/chisel-quickstart/src/main/scala/Lab7/Task1_Lab7.scala"},"buildTarget":{"uri":"file:/home/monis/Desktop/chisel-quickstart/#root/Compile"},"diagnostics":[],"reset":true})[0m
[0m[[0m[0mdebug[0m] [0m[0mjsonRpcNotify: JsonRpcNotificationMessage(2.0, build/publishDiagnostics, {"textDocument":{"uri":"file:///home/monis/Desktop/chisel-quickstart/src/main/scala/Lab3/Task1_Lab3.scala"},"buildTarget":{"uri":"file:/home/monis/Desktop/chisel-quickstart/#root/Compile"},"diagnostics":[],"reset":true})[0m
[0m[[0m[0mdebug[0m] [0m[0mjsonRpcNotify: JsonRpcNotificationMessage(2.0, build/publishDiagnostics, {"textDocument":{"uri":"file:///home/monis/Desktop/chisel-quickstart/src/main/scala/Test1/Test1_12.scala"},"buildTarget":{"uri":"file:/home/monis/Desktop/chisel-quickstart/#root/Compile"},"diagnostics":[],"reset":true})[0m
[0m[[0m[0mdebug[0m] [0m[0mjsonRpcNotify: JsonRpcNotificationMessage(2.0, build/publishDiagnostics, {"textDocument":{"uri":"file:///home/monis/Desktop/chisel-quickstart/src/main/scala/Lab4/Opcodes.scala"},"buildTarget":{"uri":"file:/home/monis/Desktop/chisel-quickstart/#root/Compile"},"diagnostics":[],"reset":true})[0m
[0m[[0m[0mdebug[0m] [0m[0mjsonRpcNotify: JsonRpcNotificationMessage(2.0, build/publishDiagnostics, {"textDocument":{"uri":"file:///home/monis/Desktop/chisel-quickstart/src/main/scala/Lab5/Exercise3_Lab5.scala"},"buildTarget":{"uri":"file:/home/monis/Desktop/chisel-quickstart/#root/Compile"},"diagnostics":[],"reset":true})[0m
[0m[[0m[0mdebug[0m] [0m[0mjsonRpcNotify: JsonRpcNotificationMessage(2.0, build/publishDiagnostics, {"textDocument":{"uri":"file:///home/monis/Desktop/chisel-quickstart/src/main/scala/Lab3/Task3_Lab3.scala"},"buildTarget":{"uri":"file:/home/monis/Desktop/chisel-quickstart/#root/Compile"},"diagnostics":[],"reset":true})[0m
[0m[[0m[0mdebug[0m] [0m[0mjsonRpcNotify: JsonRpcNotificationMessage(2.0, build/publishDiagnostics, {"textDocument":{"uri":"file:///home/monis/Desktop/chisel-quickstart/src/main/scala/gcd/GCD.scala"},"buildTarget":{"uri":"file:/home/monis/Desktop/chisel-quickstart/#root/Compile"},"diagnostics":[],"reset":true})[0m
[0m[[0m[0mdebug[0m] [0m[0mjsonRpcNotify: JsonRpcNotificationMessage(2.0, build/publishDiagnostics, {"textDocument":{"uri":"file:///home/monis/Desktop/chisel-quickstart/src/main/scala/Lab4/ALUOP.scala"},"buildTarget":{"uri":"file:/home/monis/Desktop/chisel-quickstart/#root/Compile"},"diagnostics":[],"reset":true})[0m
[0m[[0m[0mdebug[0m] [0m[0mjsonRpcNotify: JsonRpcNotificationMessage(2.0, build/publishDiagnostics, {"textDocument":{"uri":"file:///home/monis/Desktop/chisel-quickstart/src/main/scala/Lab4/Task1_lab4.scala"},"buildTarget":{"uri":"file:/home/monis/Desktop/chisel-quickstart/#root/Compile"},"diagnostics":[],"reset":true})[0m
[0m[[0m[0mdebug[0m] [0m[0mjsonRpcNotify: JsonRpcNotificationMessage(2.0, build/publishDiagnostics, {"textDocument":{"uri":"file:///home/monis/Desktop/chisel-quickstart/src/main/scala/Lab5/Task2_Lab5.scala"},"buildTarget":{"uri":"file:/home/monis/Desktop/chisel-quickstart/#root/Compile"},"diagnostics":[],"reset":true})[0m
[0m[[0m[0mdebug[0m] [0m[0mjsonRpcNotify: JsonRpcNotificationMessage(2.0, build/publishDiagnostics, {"textDocument":{"uri":"file:///home/monis/Desktop/chisel-quickstart/src/main/scala/Lab7/Exercise1_Lab7.scala"},"buildTarget":{"uri":"file:/home/monis/Desktop/chisel-quickstart/#root/Compile"},"diagnostics":[],"reset":true})[0m
[0m[[0m[0mdebug[0m] [0m[0mjsonRpcNotify: JsonRpcNotificationMessage(2.0, build/publishDiagnostics, {"textDocument":{"uri":"file:///home/monis/Desktop/chisel-quickstart/src/main/scala/Lab5/Task3_Lab5.scala"},"buildTarget":{"uri":"file:/home/monis/Desktop/chisel-quickstart/#root/Compile"},"diagnostics":[],"reset":true})[0m
[0m[[0m[0mdebug[0m] [0m[0mjsonRpcNotify: JsonRpcNotificationMessage(2.0, build/publishDiagnostics, {"textDocument":{"uri":"file:///home/monis/Desktop/chisel-quickstart/src/main/scala/Lab4/PC_Codes.scala"},"buildTarget":{"uri":"file:/home/monis/Desktop/chisel-quickstart/#root/Compile"},"diagnostics":[],"reset":true})[0m
[0m[[0m[0mdebug[0m] [0m[0mjsonRpcNotify: JsonRpcNotificationMessage(2.0, build/publishDiagnostics, {"textDocument":{"uri":"file:///home/monis/Desktop/chisel-quickstart/src/main/scala/Lab6/Task2_Lab6.scala"},"buildTarget":{"uri":"file:/home/monis/Desktop/chisel-quickstart/#root/Compile"},"diagnostics":[],"reset":true})[0m
[0m[[0m[0mdebug[0m] [0m[0mjsonRpcNotify: JsonRpcNotificationMessage(2.0, build/publishDiagnostics, {"textDocument":{"uri":"file:///home/monis/Desktop/chisel-quickstart/src/main/scala/Lab5/Exercise2_Lab5.scala"},"buildTarget":{"uri":"file:/home/monis/Desktop/chisel-quickstart/#root/Compile"},"diagnostics":[],"reset":true})[0m
[0m[[0m[0mdebug[0m] [0m[0mjsonRpcNotify: JsonRpcNotificationMessage(2.0, build/publishDiagnostics, {"textDocument":{"uri":"file:///home/monis/Desktop/chisel-quickstart/src/main/scala/Lab6/Exercise1_Lab6.scala"},"buildTarget":{"uri":"file:/home/monis/Desktop/chisel-quickstart/#root/Compile"},"diagnostics":[],"reset":true})[0m
[0m[[0m[0mdebug[0m] [0m[0mjsonRpcNotify: JsonRpcNotificationMessage(2.0, build/publishDiagnostics, {"textDocument":{"uri":"file:///home/monis/Desktop/chisel-quickstart/src/main/scala/Lab2/Task1_Lab2.scala"},"buildTarget":{"uri":"file:/home/monis/Desktop/chisel-quickstart/#root/Compile"},"diagnostics":[],"reset":true})[0m
[0m[[0m[0mdebug[0m] [0m[0mjsonRpcNotify: JsonRpcNotificationMessage(2.0, build/publishDiagnostics, {"textDocument":{"uri":"file:///home/monis/Desktop/chisel-quickstart/src/main/scala/Lab2/Exercise2_Lab2.scala"},"buildTarget":{"uri":"file:/home/monis/Desktop/chisel-quickstart/#root/Compile"},"diagnostics":[],"reset":true})[0m
[0m[[0m[0mdebug[0m] [0m[0mjsonRpcNotify: JsonRpcNotificationMessage(2.0, build/publishDiagnostics, {"textDocument":{"uri":"file:///home/monis/Desktop/chisel-quickstart/src/main/scala/gcd/DecoupledGCD.scala"},"buildTarget":{"uri":"file:/home/monis/Desktop/chisel-quickstart/#root/Compile"},"diagnostics":[],"reset":true})[0m
[0m[[0m[0mdebug[0m] [0m[0mjsonRpcNotify: JsonRpcNotificationMessage(2.0, build/publishDiagnostics, {"textDocument":{"uri":"file:///home/monis/Desktop/chisel-quickstart/src/main/scala/Lab6/Task4_Lab6.scala"},"buildTarget":{"uri":"file:/home/monis/Desktop/chisel-quickstart/#root/Compile"},"diagnostics":[],"reset":true})[0m
[0m[[0m[0mdebug[0m] [0m[0mjsonRpcNotify: JsonRpcNotificationMessage(2.0, build/publishDiagnostics, {"textDocument":{"uri":"file:///home/monis/Desktop/chisel-quickstart/src/main/scala/Lab4/Task2_lab4.scala"},"buildTarget":{"uri":"file:/home/monis/Desktop/chisel-quickstart/#root/Compile"},"diagnostics":[],"reset":true})[0m
[0m[[0m[0mdebug[0m] [0m[0mjsonRpcNotify: JsonRpcNotificationMessage(2.0, build/publishDiagnostics, {"textDocument":{"uri":"file:///home/monis/Desktop/chisel-quickstart/src/main/scala/Lab2/Exercise3_Lab2.scala"},"buildTarget":{"uri":"file:/home/monis/Desktop/chisel-quickstart/#root/Compile"},"diagnostics":[],"reset":true})[0m
[0m[[0m[0mdebug[0m] [0m[0mjsonRpcNotify: JsonRpcNotificationMessage(2.0, build/publishDiagnostics, {"textDocument":{"uri":"file:///home/monis/Desktop/chisel-quickstart/src/main/scala/Lab3/Task2_Lab3.scala"},"buildTarget":{"uri":"file:/home/monis/Desktop/chisel-quickstart/#root/Compile"},"diagnostics":[],"reset":true})[0m
[0m[[0m[0mdebug[0m] [0m[0mjsonRpcNotify: JsonRpcNotificationMessage(2.0, build/publishDiagnostics, {"textDocument":{"uri":"file:///home/monis/Desktop/chisel-quickstart/src/main/scala/Lab8/Exercise1_Lab8.scala"},"buildTarget":{"uri":"file:/home/monis/Desktop/chisel-quickstart/#root/Compile"},"diagnostics":[],"reset":true})[0m
[0m[[0m[0mdebug[0m] [0m[0mjsonRpcNotify: JsonRpcNotificationMessage(2.0, build/publishDiagnostics, {"textDocument":{"uri":"file:///home/monis/Desktop/chisel-quickstart/src/main/scala/Lab4/Exercise1_Lab4.scala"},"buildTarget":{"uri":"file:/home/monis/Desktop/chisel-quickstart/#root/Compile"},"diagnostics":[],"reset":true})[0m
[0m[[0m[0mdebug[0m] [0m[0mjsonRpcNotify: JsonRpcNotificationMessage(2.0, build/publishDiagnostics, {"textDocument":{"uri":"file:///home/monis/Desktop/chisel-quickstart/src/main/scala/Lab3/Exercise2_Lab3.scala"},"buildTarget":{"uri":"file:/home/monis/Desktop/chisel-quickstart/#root/Compile"},"diagnostics":[],"reset":true})[0m
[0m[[0m[0mdebug[0m] [0m[0mjsonRpcNotify: JsonRpcNotificationMessage(2.0, build/publishDiagnostics, {"textDocument":{"uri":"file:///home/monis/Desktop/chisel-quickstart/src/main/scala/Lab6/Exercise2_Lab6.scala"},"buildTarget":{"uri":"file:/home/monis/Desktop/chisel-quickstart/#root/Compile"},"diagnostics":[],"reset":true})[0m
[0m[[0m[0mdebug[0m] [0m[0mjsonRpcNotify: JsonRpcNotificationMessage(2.0, build/taskFinish, {"taskId":{"id":"44","parents":[]},"eventTime":1618161114267,"message":"Compiled root","status":1,"dataKind":"compile-report","data":{"target":{"uri":"file:/home/monis/Desktop/chisel-quickstart/#root/Compile"},"errors":0,"warnings":0,"time":830}})[0m
[0m[[0m[0mdebug[0m] [0m[0mjsonRpcNotify: JsonRpcNotificationMessage(2.0, build/taskStart, {"taskId":{"id":"45","parents":[]},"eventTime":1618161114291,"message":"Compiling root-test","dataKind":"compile-task","data":{"target":{"uri":"file:/home/monis/Desktop/chisel-quickstart/#root/Test"}}})[0m
[0m[[0m[0mdebug[0m] [0m[0mjsonRpcNotify: JsonRpcNotificationMessage(2.0, build/publishDiagnostics, {"textDocument":{"uri":"file:///home/monis/Desktop/chisel-quickstart/src/test/scala/Lab2/Task2_test.scala"},"buildTarget":{"uri":"file:/home/monis/Desktop/chisel-quickstart/#root/Test"},"diagnostics":[],"reset":true})[0m
[0m[[0m[0mdebug[0m] [0m[0mjsonRpcNotify: JsonRpcNotificationMessage(2.0, build/publishDiagnostics, {"textDocument":{"uri":"file:///home/monis/Desktop/chisel-quickstart/src/test/scala/Lab3/Task2_test.scala"},"buildTarget":{"uri":"file:/home/monis/Desktop/chisel-quickstart/#root/Test"},"diagnostics":[],"reset":true})[0m
[0m[[0m[0mdebug[0m] [0m[0mjsonRpcNotify: JsonRpcNotificationMessage(2.0, build/publishDiagnostics, {"textDocument":{"uri":"file:///home/monis/Desktop/chisel-quickstart/src/test/scala/Lab6/Ex_test4.scala"},"buildTarget":{"uri":"file:/home/monis/Desktop/chisel-quickstart/#root/Test"},"diagnostics":[],"reset":true})[0m
[0m[[0m[0mdebug[0m] [0m[0mjsonRpcNotify: JsonRpcNotificationMessage(2.0, build/publishDiagnostics, {"textDocument":{"uri":"file:///home/monis/Desktop/chisel-quickstart/src/test/scala/Test1/Test1_Tests.scala"},"buildTarget":{"uri":"file:/home/monis/Desktop/chisel-quickstart/#root/Test"},"diagnostics":[],"reset":true})[0m
[0m[[0m[0mdebug[0m] [0m[0mjsonRpcNotify: JsonRpcNotificationMessage(2.0, build/publishDiagnostics, {"textDocument":{"uri":"file:///home/monis/Desktop/chisel-quickstart/src/test/scala/Lab5/Ex_test2.scala"},"buildTarget":{"uri":"file:/home/monis/Desktop/chisel-quickstart/#root/Test"},"diagnostics":[],"reset":true})[0m
[0m[[0m[0mdebug[0m] [0m[0mjsonRpcNotify: JsonRpcNotificationMessage(2.0, build/publishDiagnostics, {"textDocument":{"uri":"file:///home/monis/Desktop/chisel-quickstart/src/test/scala/Lab6/Ex_test3.scala"},"buildTarget":{"uri":"file:/home/monis/Desktop/chisel-quickstart/#root/Test"},"diagnostics":[],"reset":true})[0m
[0m[[0m[0mdebug[0m] [0m[0mjsonRpcNotify: JsonRpcNotificationMessage(2.0, build/publishDiagnostics, {"textDocument":{"uri":"file:///home/monis/Desktop/chisel-quickstart/src/test/scala/Lab6/Task3_test.scala"},"buildTarget":{"uri":"file:/home/monis/Desktop/chisel-quickstart/#root/Test"},"diagnostics":[],"reset":true})[0m
[0m[[0m[0mdebug[0m] [0m[0mjsonRpcNotify: JsonRpcNotificationMessage(2.0, build/publishDiagnostics, {"textDocument":{"uri":"file:///home/monis/Desktop/chisel-quickstart/src/test/scala/Lab4/Task2_test.scala"},"buildTarget":{"uri":"file:/home/monis/Desktop/chisel-quickstart/#root/Test"},"diagnostics":[{"range":{"start":{"line":23,"character":21},"end":{"line":23,"character":22}},"severity":2,"source":"sbt","message":"match may not be exhaustive.\nIt would fail on the following inputs: Bool(), UInt()"}],"reset":true})[0m
[0m[[0m[0mdebug[0m] [0m[0mjsonRpcNotify: JsonRpcNotificationMessage(2.0, build/publishDiagnostics, {"textDocument":{"uri":"file:///home/monis/Desktop/chisel-quickstart/src/test/scala/Lab3/Ex_test2.scala"},"buildTarget":{"uri":"file:/home/monis/Desktop/chisel-quickstart/#root/Test"},"diagnostics":[],"reset":true})[0m
[0m[[0m[0mdebug[0m] [0m[0mjsonRpcNotify: JsonRpcNotificationMessage(2.0, build/publishDiagnostics, {"textDocument":{"uri":"file:///home/monis/Desktop/chisel-quickstart/src/test/scala/Lab6/Task2_test.scala"},"buildTarget":{"uri":"file:/home/monis/Desktop/chisel-quickstart/#root/Test"},"diagnostics":[],"reset":true})[0m
[0m[[0m[0mdebug[0m] [0m[0mjsonRpcNotify: JsonRpcNotificationMessage(2.0, build/publishDiagnostics, {"textDocument":{"uri":"file:///home/monis/Desktop/chisel-quickstart/src/test/scala/Lab6/Ex_test2.scala"},"buildTarget":{"uri":"file:/home/monis/Desktop/chisel-quickstart/#root/Test"},"diagnostics":[],"reset":true})[0m
[0m[[0m[0mdebug[0m] [0m[0mjsonRpcNotify: JsonRpcNotificationMessage(2.0, build/publishDiagnostics, {"textDocument":{"uri":"file:///home/monis/Desktop/chisel-quickstart/src/test/scala/Lab2/Ex_test3.scala"},"buildTarget":{"uri":"file:/home/monis/Desktop/chisel-quickstart/#root/Test"},"diagnostics":[],"reset":true})[0m
[0m[[0m[0mdebug[0m] [0m[0mjsonRpcNotify: JsonRpcNotificationMessage(2.0, build/publishDiagnostics, {"textDocument":{"uri":"file:///home/monis/Desktop/chisel-quickstart/src/test/scala/Lab6/Task4_test.scala"},"buildTarget":{"uri":"file:/home/monis/Desktop/chisel-quickstart/#root/Test"},"diagnostics":[],"reset":true})[0m
[0m[[0m[0mdebug[0m] [0m[0mjsonRpcNotify: JsonRpcNotificationMessage(2.0, build/publishDiagnostics, {"textDocument":{"uri":"file:///home/monis/Desktop/chisel-quickstart/src/test/scala/Lab2/Ex_test2.scala"},"buildTarget":{"uri":"file:/home/monis/Desktop/chisel-quickstart/#root/Test"},"diagnostics":[],"reset":true})[0m
[0m[[0m[0mdebug[0m] [0m[0mjsonRpcNotify: JsonRpcNotificationMessage(2.0, build/publishDiagnostics, {"textDocument":{"uri":"file:///home/monis/Desktop/chisel-quickstart/src/test/scala/Lab7/Task2_test.scala"},"buildTarget":{"uri":"file:/home/monis/Desktop/chisel-quickstart/#root/Test"},"diagnostics":[],"reset":true})[0m
[0m[[0m[0mdebug[0m] [0m[0mjsonRpcNotify: JsonRpcNotificationMessage(2.0, build/publishDiagnostics, {"textDocument":{"uri":"file:///home/monis/Desktop/chisel-quickstart/src/test/scala/Lab7/Task1_test.scala"},"buildTarget":{"uri":"file:/home/monis/Desktop/chisel-quickstart/#root/Test"},"diagnostics":[],"reset":true})[0m
[0m[[0m[0mdebug[0m] [0m[0mjsonRpcNotify: JsonRpcNotificationMessage(2.0, build/publishDiagnostics, {"textDocument":{"uri":"file:///home/monis/Desktop/chisel-quickstart/src/test/scala/Lab1/Ex_test2.scala"},"buildTarget":{"uri":"file:/home/monis/Desktop/chisel-quickstart/#root/Test"},"diagnostics":[],"reset":true})[0m
[0m[[0m[0mdebug[0m] [0m[0mjsonRpcNotify: JsonRpcNotificationMessage(2.0, build/publishDiagnostics, {"textDocument":{"uri":"file:///home/monis/Desktop/chisel-quickstart/src/test/scala/gcd/gcd_tests.scala"},"buildTarget":{"uri":"file:/home/monis/Desktop/chisel-quickstart/#root/Test"},"diagnostics":[],"reset":true})[0m
[0m[[0m[0mdebug[0m] [0m[0mjsonRpcNotify: JsonRpcNotificationMessage(2.0, build/publishDiagnostics, {"textDocument":{"uri":"file:///home/monis/Desktop/chisel-quickstart/src/test/scala/Lab8/Ex_test1.scala"},"buildTarget":{"uri":"file:/home/monis/Desktop/chisel-quickstart/#root/Test"},"diagnostics":[],"reset":true})[0m
[0m[[0m[0mdebug[0m] [0m[0mjsonRpcNotify: JsonRpcNotificationMessage(2.0, build/publishDiagnostics, {"textDocument":{"uri":"file:///home/monis/Desktop/chisel-quickstart/src/test/scala/Lab6/Ex_test1.scala"},"buildTarget":{"uri":"file:/home/monis/Desktop/chisel-quickstart/#root/Test"},"diagnostics":[],"reset":true})[0m
[0m[[0m[0mdebug[0m] [0m[0mjsonRpcNotify: JsonRpcNotificationMessage(2.0, build/publishDiagnostics, {"textDocument":{"uri":"file:///home/monis/Desktop/chisel-quickstart/src/test/scala/Lab4/Task1_test.scala"},"buildTarget":{"uri":"file:/home/monis/Desktop/chisel-quickstart/#root/Test"},"diagnostics":[],"reset":true})[0m
[0m[[0m[0mdebug[0m] [0m[0mjsonRpcNotify: JsonRpcNotificationMessage(2.0, build/publishDiagnostics, {"textDocument":{"uri":"file:///home/monis/Desktop/chisel-quickstart/src/test/scala/Lab3/Ex_test1.scala"},"buildTarget":{"uri":"file:/home/monis/Desktop/chisel-quickstart/#root/Test"},"diagnostics":[],"reset":true})[0m
[0m[[0m[0mdebug[0m] [0m[0mjsonRpcNotify: JsonRpcNotificationMessage(2.0, build/publishDiagnostics, {"textDocument":{"uri":"file:///home/monis/Desktop/chisel-quickstart/src/test/scala/Lab5/Task1_test.scala"},"buildTarget":{"uri":"file:/home/monis/Desktop/chisel-quickstart/#root/Test"},"diagnostics":[],"reset":true})[0m
[0m[[0m[0mdebug[0m] [0m[0mjsonRpcNotify: JsonRpcNotificationMessage(2.0, build/publishDiagnostics, {"textDocument":{"uri":"file:///home/monis/Desktop/chisel-quickstart/src/test/scala/Lab5/Ex_test1.scala"},"buildTarget":{"uri":"file:/home/monis/Desktop/chisel-quickstart/#root/Test"},"diagnostics":[],"reset":true})[0m
[0m[[0m[0mdebug[0m] [0m[0mjsonRpcNotify: JsonRpcNotificationMessage(2.0, build/publishDiagnostics, {"textDocument":{"uri":"file:///home/monis/Desktop/chisel-quickstart/src/test/scala/Lab3/Task3_test.scala"},"buildTarget":{"uri":"file:/home/monis/Desktop/chisel-quickstart/#root/Test"},"diagnostics":[],"reset":true})[0m
[0m[[0m[0mdebug[0m] [0m[0mjsonRpcNotify: JsonRpcNotificationMessage(2.0, build/publishDiagnostics, {"textDocument":{"uri":"file:///home/monis/Desktop/chisel-quickstart/src/test/scala/Lab4/Ex_test1.scala"},"buildTarget":{"uri":"file:/home/monis/Desktop/chisel-quickstart/#root/Test"},"diagnostics":[{"range":{"start":{"line":33,"character":37},"end":{"line":33,"character":39}},"severity":2,"source":"sbt","message":"method >> in class Int is deprecated (since 2.12.7): shifting a value by a `Long` argument is deprecated (except when the value is a `Long`).\nCall `toInt` on the argument to maintain the current behavior and avoid the deprecation warning."}],"reset":true})[0m
[0m[[0m[0mdebug[0m] [0m[0mjsonRpcNotify: JsonRpcNotificationMessage(2.0, build/publishDiagnostics, {"textDocument":{"uri":"file:///home/monis/Desktop/chisel-quickstart/src/test/scala/Lab2/Ex_test1.scala"},"buildTarget":{"uri":"file:/home/monis/Desktop/chisel-quickstart/#root/Test"},"diagnostics":[],"reset":true})[0m
[0m[[0m[0mdebug[0m] [0m[0mjsonRpcNotify: JsonRpcNotificationMessage(2.0, build/publishDiagnostics, {"textDocument":{"uri":"file:///home/monis/Desktop/chisel-quickstart/src/test/scala/Lab1/Task2_tests.scala"},"buildTarget":{"uri":"file:/home/monis/Desktop/chisel-quickstart/#root/Test"},"diagnostics":[],"reset":true})[0m
[0m[[0m[0mdebug[0m] [0m[0mjsonRpcNotify: JsonRpcNotificationMessage(2.0, build/publishDiagnostics, {"textDocument":{"uri":"file:///home/monis/Desktop/chisel-quickstart/src/test/scala/Lab7/Ex_test1.scala"},"buildTarget":{"uri":"file:/home/monis/Desktop/chisel-quickstart/#root/Test"},"diagnostics":[],"reset":true})[0m
[0m[[0m[0mdebug[0m] [0m[0mjsonRpcNotify: JsonRpcNotificationMessage(2.0, build/publishDiagnostics, {"textDocument":{"uri":"file:///home/monis/Desktop/chisel-quickstart/src/test/scala/Lab2/Task1_test.scala"},"buildTarget":{"uri":"file:/home/monis/Desktop/chisel-quickstart/#root/Test"},"diagnostics":[],"reset":true})[0m
[0m[[0m[0mdebug[0m] [0m[0mjsonRpcNotify: JsonRpcNotificationMessage(2.0, build/publishDiagnostics, {"textDocument":{"uri":"file:///home/monis/Desktop/chisel-quickstart/src/test/scala/Lab3/Task1_test.scala"},"buildTarget":{"uri":"file:/home/monis/Desktop/chisel-quickstart/#root/Test"},"diagnostics":[],"reset":true})[0m
[0m[[0m[0mdebug[0m] [0m[0mjsonRpcNotify: JsonRpcNotificationMessage(2.0, build/publishDiagnostics, {"textDocument":{"uri":"file:///home/monis/Desktop/chisel-quickstart/src/test/scala/Lab1/Ex_test3.scala"},"buildTarget":{"uri":"file:/home/monis/Desktop/chisel-quickstart/#root/Test"},"diagnostics":[],"reset":true})[0m
[0m[[0m[0mdebug[0m] [0m[0mjsonRpcNotify: JsonRpcNotificationMessage(2.0, build/publishDiagnostics, {"textDocument":{"uri":"file:///home/monis/Desktop/chisel-quickstart/src/test/scala/Lab5/Ex_test3.scala"},"buildTarget":{"uri":"file:/home/monis/Desktop/chisel-quickstart/#root/Test"},"diagnostics":[],"reset":true})[0m
[0m[[0m[0mdebug[0m] [0m[0mjsonRpcNotify: JsonRpcNotificationMessage(2.0, build/publishDiagnostics, {"textDocument":{"uri":"file:///home/monis/Desktop/chisel-quickstart/src/test/scala/gcd/GCDSpec.scala"},"buildTarget":{"uri":"file:/home/monis/Desktop/chisel-quickstart/#root/Test"},"diagnostics":[],"reset":true})[0m
[0m[[0m[0mdebug[0m] [0m[0mjsonRpcNotify: JsonRpcNotificationMessage(2.0, build/publishDiagnostics, {"textDocument":{"uri":"file:///home/monis/Desktop/chisel-quickstart/src/test/scala/Lab5/Task3_test.scala"},"buildTarget":{"uri":"file:/home/monis/Desktop/chisel-quickstart/#root/Test"},"diagnostics":[],"reset":true})[0m
[0m[[0m[0mdebug[0m] [0m[0mjsonRpcNotify: JsonRpcNotificationMessage(2.0, build/publishDiagnostics, {"textDocument":{"uri":"file:///home/monis/Desktop/chisel-quickstart/src/test/scala/Lab1/Ex_tests.scala"},"buildTarget":{"uri":"file:/home/monis/Desktop/chisel-quickstart/#root/Test"},"diagnostics":[],"reset":true})[0m
[0m[[0m[0mdebug[0m] [0m[0mjsonRpcNotify: JsonRpcNotificationMessage(2.0, build/publishDiagnostics, {"textDocument":{"uri":"file:///home/monis/Desktop/chisel-quickstart/src/test/scala/Lab5/Task2_test.scala"},"buildTarget":{"uri":"file:/home/monis/Desktop/chisel-quickstart/#root/Test"},"diagnostics":[],"reset":true})[0m
[0m[[0m[0mdebug[0m] [0m[0mjsonRpcNotify: JsonRpcNotificationMessage(2.0, build/taskFinish, {"taskId":{"id":"45","parents":[]},"eventTime":1618161114304,"message":"Compiled root-test","status":1,"dataKind":"compile-report","data":{"target":{"uri":"file:/home/monis/Desktop/chisel-quickstart/#root/Test"},"errors":0,"warnings":2,"time":13}})[0m
[0m[[0m[32msuccess[0m] [0m[0mTotal time: 1 s, completed Apr 11, 2021, 10:11:54 PM[0m
[0m[[0m[0mdebug[0m] [0m[0mjsonRpcNotify: JsonRpcNotificationMessage(2.0, build/logMessage, {"type":4,"message":"Done"})[0m
[0m[[0m[0mdebug[0m] [0m[0m> Exec(collectAnalyses, None, Some(CommandSource(network-1)))[0m
[0m[[0m[0mdebug[0m] [0m[0mjsonRpcNotify: JsonRpcNotificationMessage(2.0, build/logMessage, {"type":4,"message":"Processing"})[0m
[0m[[0m[0mdebug[0m] [0m[0mEvaluating tasks: Compile / collectAnalyses[0m
[0m[[0m[0mdebug[0m] [0m[0mRunning task... Cancel: Signal, check cycles: false, forcegc: true[0m
[0m[[0m[0mdebug[0m] [0m[0manalysis location (/home/monis/Desktop/chisel-quickstart/target/scala-2.12/zinc/inc_compile_2.12.zip,true)[0m
[0m[[0m[32msuccess[0m] [0m[0mTotal time: 0 s, completed Apr 11, 2021, 10:11:54 PM[0m
[0m[[0m[0mdebug[0m] [0m[0mjsonRpcNotify: JsonRpcNotificationMessage(2.0, build/logMessage, {"type":4,"message":"Done"})[0m
[0m[[0m[0mdebug[0m] [0m[0m> Exec(shell, None, None)[0m
