[0m[[0m[0mdebug[0m] [0m[0m> Exec(testOnly Lab6.Ex_test3 -- -DwriteVcd=1, Some(73b82a34-49d5-44a2-93af-2925373f7025), Some(CommandSource(console0)))[0m
[0m[[0m[0mdebug[0m] [0m[0mEvaluating tasks: Test / testOnly[0m
[0m[[0m[0mdebug[0m] [0m[0mRunning task... Cancel: Signal, check cycles: false, forcegc: true[0m
[0m[[0m[0minfo[0m] [0m[0mcompiling 1 Scala source to /home/monis/Desktop/chisel-quickstart/target/scala-2.12/classes ...[0m
[0m[[0m[31merror[0m] [0m[0m/home/monis/Desktop/chisel-quickstart/src/main/scala/Lab6/Exercise3_Lab6.scala:25:10: value counter is not a member of Unit[0m
[0m[[0m[31merror[0m] [0m[0mpossible cause: maybe a semicolon is missing before `value counter'?[0m
[0m[[0m[31merror[0m] [0m[0m        }counter:=next[0m
[0m[[0m[31merror[0m] [0m[0m         ^[0m
[0m[[0m[31merror[0m] [0m[0m/home/monis/Desktop/chisel-quickstart/src/main/scala/Lab6/Exercise3_Lab6.scala:25:17: not found: value :=[0m
[0m[[0m[31merror[0m] [0m[0m        }counter:=next[0m
[0m[[0m[31merror[0m] [0m[0m                ^[0m
[0m[[0m[33mwarn[0m] [0m[0m/home/monis/Desktop/chisel-quickstart/src/main/scala/Lab6/Exercise3_Lab6.scala:25:19: postfix operator next should be enabled[0m
[0m[[0m[33mwarn[0m] [0m[0mby making the implicit value scala.language.postfixOps visible.[0m
[0m[[0m[33mwarn[0m] [0m[0mThis can be achieved by adding the import clause 'import scala.language.postfixOps'[0m
[0m[[0m[33mwarn[0m] [0m[0mor by setting the compiler option -language:postfixOps.[0m
[0m[[0m[33mwarn[0m] [0m[0mSee the Scaladoc for value scala.language.postfixOps for a discussion[0m
[0m[[0m[33mwarn[0m] [0m[0mwhy the feature should be explicitly enabled.[0m
[0m[[0m[33mwarn[0m] [0m[0m        }counter:=next[0m
[0m[[0m[33mwarn[0m] [0m[0m                  ^[0m
[0m[[0m[33mwarn[0m] [0m[0mone warning found[0m
[0m[[0m[31merror[0m] [0m[0mtwo errors found[0m
[0m[[0m[0mdebug[0m] [0m[0mForcing garbage collection...[0m
[0m[[0m[31merror[0m] [0m[0m(Compile / [31mcompileIncremental[0m) Compilation failed[0m
[0m[[0m[31merror[0m] [0m[0mTotal time: 1 s, completed Apr 6, 2021, 5:08:17 PM[0m
[0m[[0m[0mdebug[0m] [0m[0m> Exec(shell, None, None)[0m
