[0m[[0m[0mdebug[0m] [0m[0m> Exec(testOnly Lab5.Ex_test3 -- -DwriteVcd=1, Some(90b83961-69a2-4a54-b90d-25d79b9e7eb7), Some(CommandSource(console0)))[0m
[0m[[0m[0mdebug[0m] [0m[0mEvaluating tasks: Test / testOnly[0m
[0m[[0m[0mdebug[0m] [0m[0mRunning task... Cancel: Signal, check cycles: false, forcegc: true[0m
[0m[[0m[0minfo[0m] [0m[0mcompiling 1 Scala source to /home/monis/Desktop/chisel-quickstart/target/scala-2.12/classes ...[0m
[0m[[0m[0minfo[0m] [0m[0m[32mEx_test3:[0m[0m
[0m[[0m[0minfo[0m] [0m[0m[31m- Test5 *** FAILED ***[0m[0m
[0m[[0m[0minfo[0m] [0m[0m[31m  firrtl.passes.CheckInitialization$RefNotInitializedException: : [module Exercise3_Lab5]  Reference io is not fully initialized.[0m[0m
[0m[[0m[0minfo[0m] [0m[0m[31m   : io.out[0] <= VOID[0m[0m
[0m[[0m[0minfo[0m] [0m[0m[31m  ...[0m[0m
[0m[[0m[0minfo[0m] [0m[0m[36mRun completed in 1 second, 350 milliseconds.[0m[0m
[0m[[0m[0minfo[0m] [0m[0m[36mTotal number of tests run: 1[0m[0m
[0m[[0m[0minfo[0m] [0m[0m[36mSuites: completed 1, aborted 0[0m[0m
[0m[[0m[0minfo[0m] [0m[0m[36mTests: succeeded 0, failed 1, canceled 0, ignored 0, pending 0[0m[0m
[0m[[0m[0minfo[0m] [0m[0m[31m*** 1 TEST FAILED ***[0m[0m
[0m[[0m[31merror[0m] [0m[0mFailed tests:[0m
[0m[[0m[31merror[0m] [0m[0m	Lab5.Ex_test3[0m
[0m[[0m[31merror[0m] [0m[0m(Test / [31mtestOnly[0m) sbt.TestsFailedException: Tests unsuccessful[0m
[0m[[0m[31merror[0m] [0m[0mTotal time: 2 s, completed Apr 6, 2021, 12:38:30 PM[0m
[0m[[0m[0mdebug[0m] [0m[0m> Exec(shell, None, None)[0m
[0m[[0m[0mdebug[0m] [0m[0mForcing garbage collection...[0m
