[0m2021.04.08 14:59:23 INFO  Started: Metals version 0.10.1 in workspace '/home/monis/Desktop/chisel-quickstart' for client vscode 1.54.3.[0m
[0m2021.04.08 14:59:27 INFO  time: initialize in 4.01s[0m
[0m2021.04.08 14:59:29 INFO  Attempting to connect to the build server...[0m
Starting the bsp launcher for bloop...
Opening a bsp server connection with 'bsp --protocol local --socket /tmp/bsp-launcher15509309526462951981/bsp.socket'...
Waiting for the bsp connection to come up...
[0m2021.04.08 14:59:29 WARN  no build target for: /home/monis/Desktop/chisel-quickstart/src/main/scala/Lab6/Exercise4_Lab6.scala[0m
[0m2021.04.08 14:59:29 WARN  no build target for: /home/monis/Desktop/chisel-quickstart/src/main/scala/Lab6/Exercise2_Lab6.scala[0m
[0m2021.04.08 14:59:29 WARN  no build target for: /home/monis/Desktop/chisel-quickstart/src/test/scala/Lab6/Ex_test3.scala[0m
[0m2021.04.08 14:59:29 WARN  no build target for: /home/monis/Desktop/chisel-quickstart/src/test/scala/Lab6/Ex_test4.scala[0m
[0m2021.04.08 14:59:29 WARN  no build target for: /home/monis/Desktop/chisel-quickstart/src/test/scala/Lab6/Task4_test.scala[0m
[0m[32m[D][0m Waiting for a connection at local:///tmp/bsp-launcher15509309526462951981/bsp.socket...
The server is listening for incoming connections at local:///tmp/bsp-launcher15509309526462951981/bsp.socket...
Starting thread that pumps stdin and redirects it to the bsp server...
Starting thread that pumps server stdout and redirects it to the client stdout...
[0m2021.04.08 14:59:30 INFO  tracing is disabled for protocol BSP, to enable tracing of incoming and outgoing JSON messages create an empty file at /home/monis/.cache/metals/bsp.trace.json[0m
[0m2021.04.08 14:59:30 INFO  time: Connected to build server in 1s[0m
[0m2021.04.08 14:59:30 INFO  Connected to Build server: Bloop v1.4.8[0m
[0m2021.04.08 14:59:34 INFO  no build target: using presentation compiler with only scala-library: 2.12.13[0m
[0m2021.04.08 14:59:34 ERROR Empty build targets. Expected at least one build target identifier.[0m
[0m2021.04.08 14:59:34 ERROR Empty build targets. Expected at least one build target identifier.[0m
[0m2021.04.08 14:59:34 ERROR Empty build targets. Expected at least one build target identifier.[0m
[0m2021.04.08 14:59:34 INFO  time: Imported build in 0.12s[0m
[0m2021.04.08 14:59:40 WARN  Could not find java sources in None. Java symbols will not be available.[0m
[0m2021.04.08 14:59:40 INFO  time: indexed workspace in 6.2s[0m
[0m2021.04.08 14:59:40 WARN  no build target for: /home/monis/Desktop/chisel-quickstart/src/main/scala/Lab6/Exercise2_Lab6.scala[0m
[0m2021.04.08 14:59:40 WARN  no build target for: /home/monis/Desktop/chisel-quickstart/src/main/scala/Lab6/Exercise4_Lab6.scala[0m
[0m2021.04.08 14:59:40 WARN  no build target for: /home/monis/Desktop/chisel-quickstart/src/test/scala/Lab6/Ex_test4.scala[0m
[0m2021.04.08 14:59:40 WARN  no build target for: /home/monis/Desktop/chisel-quickstart/src/test/scala/Lab6/Ex_test3.scala[0m
[0m2021.04.08 14:59:40 WARN  no build target for: /home/monis/Desktop/chisel-quickstart/src/test/scala/Lab6/Task4_test.scala[0m
[0m2021.04.08 14:59:41 INFO  no build target: using presentation compiler with only scala-library: 2.12.13[0m
[0m2021.04.08 14:59:41 INFO  time: code lens generation in 8.64s[0m
[0m2021.04.08 14:59:41 INFO  time: code lens generation in 12s[0m
[0m2021.04.08 14:59:42 INFO  time: code lens generation in 1.45s[0m
[0m2021.04.08 14:59:42 INFO  time: code lens generation in 4.1s[0m
No more data in the server stdin, exiting...
No more data in the server stdin, exiting...
[0m2021.04.08 15:04:22 ERROR timeout: build server 'bloop' during shutdown[0m
[0m2021.04.08 16:08:58 INFO  Started: Metals version 0.10.1 in workspace '/home/monis/Desktop/chisel-quickstart' for client vscode 1.54.3.[0m
[0m2021.04.08 16:09:01 INFO  time: initialize in 3.35s[0m
[0m2021.04.08 16:09:07 INFO  Attempting to connect to the build server...[0m
[0m2021.04.08 16:09:06 WARN  no build target for: /home/monis/Desktop/chisel-quickstart/src/test/scala/Lab7/Ex_test1.scala[0m
Starting the bsp launcher for bloop...
[0m2021.04.08 16:09:06 WARN  no build target for: /home/monis/Desktop/chisel-quickstart/src/main/scala/Lab7/Exercise1_Lab7.scala[0m
Opening a bsp server connection with 'bsp --protocol local --socket /tmp/bsp-launcher1049833990558583257/bsp.socket'...
Waiting for the bsp connection to come up...
Waiting for the bsp connection to come up...
[0m2021.04.08 16:09:08 INFO  skipping build import with status 'Requested'[0m
Waiting for the bsp connection to come up...
Waiting for the bsp connection to come up...
Waiting for the bsp connection to come up...
Waiting for the bsp connection to come up...
Waiting for the bsp connection to come up...
[0m2021.04.08 16:09:14 INFO  no build target: using presentation compiler with only scala-library: 2.12.13[0m
Waiting for the bsp connection to come up...
Waiting for the bsp connection to come up...
Waiting for the bsp connection to come up...
Waiting for the bsp connection to come up...
Waiting for the bsp connection to come up...
Waiting for the bsp connection to come up...
Waiting for the bsp connection to come up...
[0m2021.04.08 16:09:21 INFO  time: code lens generation in 13s[0m
Waiting for the bsp connection to come up...
Waiting for the bsp connection to come up...
No server running at 127.0.0.1:8212, let's fire one...
Resolving ch.epfl.scala:bloop-frontend_2.12:1.4.8...
Starting bloop server at 127.0.0.1:8212...
Attempting a connection to the server...
Attempting a connection to the server...
Attempting a connection to the server...
Attempting a connection to the server...
Attempting a connection to the server...
Attempting a connection to the server...
Attempting a connection to the server...
Attempting a connection to the server...
Attempting a connection to the server...
Attempting a connection to the server...
Attempting a connection to the server...
Attempting a connection to the server...
Attempting a connection to the server...
Attempting a connection to the server...
Attempting a connection to the server...
Attempting a connection to the server...
Attempting a connection to the server...
Attempting a connection to the server...
Attempting a connection to the server...
Attempting a connection to the server...
Attempting a connection to the server...
Attempting a connection to the server...
Attempting a connection to the server...
Attempting a connection to the server...
Attempting a connection to the server...
Attempting a connection to the server...
Attempting a connection to the server...
Attempting a connection to the server...
Attempting a connection to the server...
Attempting a connection to the server...
Attempting a connection to the server...
Attempting a connection to the server...
Attempting a connection to the server...
Attempting a connection to the server...
Attempting a connection to the server...
[0m[32m[D][0m Waiting for a connection at local:///tmp/bsp-launcher1049833990558583257/bsp.socket...
The server is listening for incoming connections at local:///tmp/bsp-launcher1049833990558583257/bsp.socket...
Starting thread that pumps stdin and redirects it to the bsp server...
Starting thread that pumps server stdout and redirects it to the client stdout...
[0m2021.04.08 16:09:24 INFO  tracing is disabled for protocol BSP, to enable tracing of incoming and outgoing JSON messages create an empty file at /home/monis/.cache/metals/bsp.trace.json[0m
[0m2021.04.08 16:09:25 INFO  time: Connected to build server in 18s[0m
[0m2021.04.08 16:09:25 INFO  Connected to Build server: Bloop v1.4.8[0m
[0m2021.04.08 16:09:25 ERROR Empty build targets. Expected at least one build target identifier.[0m
[0m2021.04.08 16:09:25 ERROR Empty build targets. Expected at least one build target identifier.[0m
[0m2021.04.08 16:09:25 ERROR Empty build targets. Expected at least one build target identifier.[0m
[0m2021.04.08 16:09:25 INFO  time: Imported build in 0.11s[0m
[0m2021.04.08 16:09:27 WARN  Could not find java sources in None. Java symbols will not be available.[0m
[0m2021.04.08 16:09:27 INFO  time: indexed workspace in 1.54s[0m
[0m2021.04.08 16:09:27 WARN  no build target for: /home/monis/Desktop/chisel-quickstart/src/main/scala/Lab7/Exercise1_Lab7.scala[0m
[0m2021.04.08 16:09:27 WARN  no build target for: /home/monis/Desktop/chisel-quickstart/src/test/scala/Lab7/Ex_test1.scala[0m
[0m2021.04.08 16:09:28 INFO  no build target: using presentation compiler with only scala-library: 2.12.13[0m
[0m2021.04.08 16:15:01 WARN  no build target for: /home/monis/Desktop/chisel-quickstart/src/main/scala/Lab5/Exercise1_Lab5.scala[0m
[0m2021.04.08 16:18:23 WARN  no build target for: /home/monis/Desktop/chisel-quickstart/src/main/scala/Lab7/Exercise1_Lab7.scala[0m
[0m2021.04.08 16:25:12 WARN  no build target for: /home/monis/Desktop/chisel-quickstart/src/main/scala/Lab7/Exercise1_Lab7.scala[0m
[0m2021.04.08 16:25:16 WARN  no build target for: /home/monis/Desktop/chisel-quickstart/src/test/scala/Lab6/Ex_test1.scala[0m
[0m2021.04.08 16:25:47 WARN  no build target for: /home/monis/Desktop/chisel-quickstart/src/test/scala/Lab7/Ex_test1.scala[0m
[0m2021.04.08 16:25:51 WARN  no build target for: /home/monis/Desktop/chisel-quickstart/src/test/scala/Lab7/Ex_test1.scala[0m
[0m2021.04.08 16:29:51 WARN  no build target for: /home/monis/Desktop/chisel-quickstart/src/main/scala/Lab7/Exercise1_Lab7.scala[0m
Apr 08, 2021 4:29:51 PM scala.meta.internal.pc.CompilerAccess handleError
SEVERE: file%3A%2F%2F%2Fhome%2Fmonis%2FDesktop%2Fchisel-quickstart%2Fsrc%2Fmain%2Fscala%2FLab7%2FExercise1_Lab7.scala:16: error: ; expected but . found
    arb_priority.io.in(2) <> .io.out
                             ^
file%3A%2F%2F%2Fhome%2Fmonis%2FDesktop%2Fchisel-quickstart%2Fsrc%2Fmain%2Fscala%2FLab7%2FExercise1_Lab7.scala:16: error: ; expected but . found
    arb_priority.io.in(2) <> .io.out
                             ^
	at scala.meta.internal.parsers.Reporter.syntaxError(Reporter.scala:16)
	at scala.meta.internal.parsers.Reporter.syntaxError$(Reporter.scala:16)
	at scala.meta.internal.parsers.Reporter$$anon$1.syntaxError(Reporter.scala:22)
	at scala.meta.internal.parsers.Reporter.syntaxError(Reporter.scala:17)
	at scala.meta.internal.parsers.Reporter.syntaxError$(Reporter.scala:17)
	at scala.meta.internal.parsers.Reporter$$anon$1.syntaxError(Reporter.scala:22)
	at scala.meta.internal.parsers.ScalametaParser.syntaxErrorExpected(ScalametaParser.scala:852)
	at scala.meta.internal.parsers.ScalametaParser.accept(ScalametaParser.scala:858)
	at scala.meta.internal.parsers.ScalametaParser.acceptStatSep(ScalametaParser.scala:867)
	at scala.meta.internal.parsers.ScalametaParser.acceptStatSepOpt(ScalametaParser.scala:871)
	at scala.meta.internal.parsers.ScalametaParser.statSeq(ScalametaParser.scala:4832)
	at scala.meta.internal.parsers.ScalametaParser.templateStats(ScalametaParser.scala:4901)
	at scala.meta.internal.parsers.ScalametaParser.templateStatSeq(ScalametaParser.scala:4881)
	at scala.meta.internal.parsers.ScalametaParser.$anonfun$templateBody$1(ScalametaParser.scala:4730)
	at scala.meta.internal.parsers.ScalametaParser.inBraces(ScalametaParser.scala:729)
	at scala.meta.internal.parsers.ScalametaParser.templateBody(ScalametaParser.scala:4730)
	at scala.meta.internal.parsers.ScalametaParser.templateBodyOpt(ScalametaParser.scala:4738)
	at scala.meta.internal.parsers.ScalametaParser.template(ScalametaParser.scala:4668)
	at scala.meta.internal.parsers.ScalametaParser.$anonfun$template$1(ScalametaParser.scala:4687)
	at scala.meta.internal.parsers.ScalametaParser.atPos(ScalametaParser.scala:817)
	at scala.meta.internal.parsers.ScalametaParser.autoPos(ScalametaParser.scala:833)
	at scala.meta.internal.parsers.ScalametaParser.template(ScalametaParser.scala:4672)
	at scala.meta.internal.parsers.ScalametaParser.templateOpt(ScalametaParser.scala:4713)
	at scala.meta.internal.parsers.ScalametaParser.$anonfun$classDef$1(ScalametaParser.scala:4400)
	at scala.meta.internal.parsers.ScalametaParser.atPos(ScalametaParser.scala:817)
	at scala.meta.internal.parsers.ScalametaParser.classDef(ScalametaParser.scala:4376)
	at scala.meta.internal.parsers.ScalametaParser.tmplDef(ScalametaParser.scala:4332)
	at scala.meta.internal.parsers.ScalametaParser.topLevelTmplDef(ScalametaParser.scala:4320)
	at scala.meta.internal.parsers.ScalametaParser$$anonfun$topStat$1.applyOrElse(ScalametaParser.scala:4851)
	at scala.meta.internal.parsers.ScalametaParser$$anonfun$topStat$1.applyOrElse(ScalametaParser.scala:4839)
	at scala.runtime.AbstractPartialFunction.apply(AbstractPartialFunction.scala:38)
	at scala.meta.internal.parsers.ScalametaParser.statSeq(ScalametaParser.scala:4829)
	at scala.meta.internal.parsers.ScalametaParser.topStatSeq(ScalametaParser.scala:4838)
	at scala.meta.internal.parsers.ScalametaParser.bracelessPackageStats$1(ScalametaParser.scala:5044)
	at scala.meta.internal.parsers.ScalametaParser.$anonfun$batchSource$9(ScalametaParser.scala:5050)
	at scala.meta.internal.parsers.ScalametaParser.atPos(ScalametaParser.scala:817)
	at scala.meta.internal.parsers.ScalametaParser.$anonfun$batchSource$1(ScalametaParser.scala:5050)
	at scala.meta.internal.parsers.ScalametaParser.atPos(ScalametaParser.scala:817)
	at scala.meta.internal.parsers.ScalametaParser.autoPos(ScalametaParser.scala:833)
	at scala.meta.internal.parsers.ScalametaParser.batchSource(ScalametaParser.scala:5018)
	at scala.meta.internal.parsers.ScalametaParser.$anonfun$source$1(ScalametaParser.scala:5001)
	at scala.meta.internal.parsers.ScalametaParser.atPos(ScalametaParser.scala:817)
	at scala.meta.internal.parsers.ScalametaParser.autoPos(ScalametaParser.scala:833)
	at scala.meta.internal.parsers.ScalametaParser.source(ScalametaParser.scala:5000)
	at scala.meta.internal.parsers.ScalametaParser.entrypointSource(ScalametaParser.scala:5006)
	at scala.meta.internal.parsers.ScalametaParser.$anonfun$parseSource$2(ScalametaParser.scala:142)
	at scala.meta.internal.parsers.ScalametaParser.parseRule(ScalametaParser.scala:52)
	at scala.meta.internal.parsers.ScalametaParser.parseSource(ScalametaParser.scala:142)
	at scala.meta.parsers.Parse$.$anonfun$parseSource$1(Parse.scala:29)
	at scala.meta.internal.parsers.ScalametaParser$$anon$257.apply(ScalametaParser.scala:5063)
	at scala.meta.parsers.Api$XtensionParseDialectInput.parse(Api.scala:25)
	at scala.meta.internal.semanticdb.scalac.ParseOps$XtensionCompilationUnitSource.toSource(ParseOps.scala:17)
	at scala.meta.internal.semanticdb.scalac.TextDocumentOps$XtensionCompilationUnitDocument.toTextDocument(TextDocumentOps.scala:201)
	at scala.meta.internal.pc.SemanticdbTextDocumentProvider.textDocument(SemanticdbTextDocumentProvider.scala:51)

Apr 08, 2021 4:29:56 PM scala.meta.internal.pc.CompilerAccess handleError
SEVERE: file%3A%2F%2F%2Fhome%2Fmonis%2FDesktop%2Fchisel-quickstart%2Fsrc%2Fmain%2Fscala%2FLab7%2FExercise1_Lab7.scala:16: error: ; expected but . found
    arb_priority.io.in(2) <> .io.out
                             ^
file%3A%2F%2F%2Fhome%2Fmonis%2FDesktop%2Fchisel-quickstart%2Fsrc%2Fmain%2Fscala%2FLab7%2FExercise1_Lab7.scala:16: error: ; expected but . found
    arb_priority.io.in(2) <> .io.out
                             ^
	at scala.meta.internal.parsers.Reporter.syntaxError(Reporter.scala:16)
	at scala.meta.internal.parsers.Reporter.syntaxError$(Reporter.scala:16)
	at scala.meta.internal.parsers.Reporter$$anon$1.syntaxError(Reporter.scala:22)
	at scala.meta.internal.parsers.Reporter.syntaxError(Reporter.scala:17)
	at scala.meta.internal.parsers.Reporter.syntaxError$(Reporter.scala:17)
	at scala.meta.internal.parsers.Reporter$$anon$1.syntaxError(Reporter.scala:22)
	at scala.meta.internal.parsers.ScalametaParser.syntaxErrorExpected(ScalametaParser.scala:852)
	at scala.meta.internal.parsers.ScalametaParser.accept(ScalametaParser.scala:858)
	at scala.meta.internal.parsers.ScalametaParser.acceptStatSep(ScalametaParser.scala:867)
	at scala.meta.internal.parsers.ScalametaParser.acceptStatSepOpt(ScalametaParser.scala:871)
	at scala.meta.internal.parsers.ScalametaParser.statSeq(ScalametaParser.scala:4832)
	at scala.meta.internal.parsers.ScalametaParser.templateStats(ScalametaParser.scala:4901)
	at scala.meta.internal.parsers.ScalametaParser.templateStatSeq(ScalametaParser.scala:4881)
	at scala.meta.internal.parsers.ScalametaParser.$anonfun$templateBody$1(ScalametaParser.scala:4730)
	at scala.meta.internal.parsers.ScalametaParser.inBraces(ScalametaParser.scala:729)
	at scala.meta.internal.parsers.ScalametaParser.templateBody(ScalametaParser.scala:4730)
	at scala.meta.internal.parsers.ScalametaParser.templateBodyOpt(ScalametaParser.scala:4738)
	at scala.meta.internal.parsers.ScalametaParser.template(ScalametaParser.scala:4668)
	at scala.meta.internal.parsers.ScalametaParser.$anonfun$template$1(ScalametaParser.scala:4687)
	at scala.meta.internal.parsers.ScalametaParser.atPos(ScalametaParser.scala:817)
	at scala.meta.internal.parsers.ScalametaParser.autoPos(ScalametaParser.scala:833)
	at scala.meta.internal.parsers.ScalametaParser.template(ScalametaParser.scala:4672)
	at scala.meta.internal.parsers.ScalametaParser.templateOpt(ScalametaParser.scala:4713)
	at scala.meta.internal.parsers.ScalametaParser.$anonfun$classDef$1(ScalametaParser.scala:4400)
	at scala.meta.internal.parsers.ScalametaParser.atPos(ScalametaParser.scala:817)
	at scala.meta.internal.parsers.ScalametaParser.classDef(ScalametaParser.scala:4376)
	at scala.meta.internal.parsers.ScalametaParser.tmplDef(ScalametaParser.scala:4332)
	at scala.meta.internal.parsers.ScalametaParser.topLevelTmplDef(ScalametaParser.scala:4320)
	at scala.meta.internal.parsers.ScalametaParser$$anonfun$topStat$1.applyOrElse(ScalametaParser.scala:4851)
	at scala.meta.internal.parsers.ScalametaParser$$anonfun$topStat$1.applyOrElse(ScalametaParser.scala:4839)
	at scala.runtime.AbstractPartialFunction.apply(AbstractPartialFunction.scala:38)
	at scala.meta.internal.parsers.ScalametaParser.statSeq(ScalametaParser.scala:4829)
	at scala.meta.internal.parsers.ScalametaParser.topStatSeq(ScalametaParser.scala:4838)
	at scala.meta.internal.parsers.ScalametaParser.bracelessPackageStats$1(ScalametaParser.scala:5044)
	at scala.meta.internal.parsers.ScalametaParser.$anonfun$batchSource$9(ScalametaParser.scala:5050)
	at scala.meta.internal.parsers.ScalametaParser.atPos(ScalametaParser.scala:817)
	at scala.meta.internal.parsers.ScalametaParser.$anonfun$batchSource$1(ScalametaParser.scala:5050)
	at scala.meta.internal.parsers.ScalametaParser.atPos(ScalametaParser.scala:817)
	at scala.meta.internal.parsers.ScalametaParser.autoPos(ScalametaParser.scala:833)
	at scala.meta.internal.parsers.ScalametaParser.batchSource(ScalametaParser.scala:5018)
	at scala.meta.internal.parsers.ScalametaParser.$anonfun$source$1(ScalametaParser.scala:5001)
	at scala.meta.internal.parsers.ScalametaParser.atPos(ScalametaParser.scala:817)
	at scala.meta.internal.parsers.ScalametaParser.autoPos(ScalametaParser.scala:833)
	at scala.meta.internal.parsers.ScalametaParser.source(ScalametaParser.scala:5000)
	at scala.meta.internal.parsers.ScalametaParser.entrypointSource(ScalametaParser.scala:5006)
	at scala.meta.internal.parsers.ScalametaParser.$anonfun$parseSource$2(ScalametaParser.scala:142)
	at scala.meta.internal.parsers.ScalametaParser.parseRule(ScalametaParser.scala:52)
	at scala.meta.internal.parsers.ScalametaParser.parseSource(ScalametaParser.scala:142)
	at scala.meta.parsers.Parse$.$anonfun$parseSource$1(Parse.scala:29)
	at scala.meta.internal.parsers.ScalametaParser$$anon$257.apply(ScalametaParser.scala:5063)
	at scala.meta.parsers.Api$XtensionParseDialectInput.parse(Api.scala:25)
	at scala.meta.internal.semanticdb.scalac.ParseOps$XtensionCompilationUnitSource.toSource(ParseOps.scala:17)
	at scala.meta.internal.semanticdb.scalac.TextDocumentOps$XtensionCompilationUnitDocument.toTextDocument(TextDocumentOps.scala:201)
	at scala.meta.internal.pc.SemanticdbTextDocumentProvider.textDocument(SemanticdbTextDocumentProvider.scala:51)

Apr 08, 2021 4:29:56 PM scala.meta.internal.pc.CompilerAccess handleError
SEVERE: file%3A%2F%2F%2Fhome%2Fmonis%2FDesktop%2Fchisel-quickstart%2Fsrc%2Fmain%2Fscala%2FLab7%2FExercise1_Lab7.scala:16: error: ; expected but . found
    arb_priority.io.in(2) <> .io.out
                             ^
file%3A%2F%2F%2Fhome%2Fmonis%2FDesktop%2Fchisel-quickstart%2Fsrc%2Fmain%2Fscala%2FLab7%2FExercise1_Lab7.scala:16: error: ; expected but . found
    arb_priority.io.in(2) <> .io.out
                             ^
	at scala.meta.internal.parsers.Reporter.syntaxError(Reporter.scala:16)
	at scala.meta.internal.parsers.Reporter.syntaxError$(Reporter.scala:16)
	at scala.meta.internal.parsers.Reporter$$anon$1.syntaxError(Reporter.scala:22)
	at scala.meta.internal.parsers.Reporter.syntaxError(Reporter.scala:17)
	at scala.meta.internal.parsers.Reporter.syntaxError$(Reporter.scala:17)
	at scala.meta.internal.parsers.Reporter$$anon$1.syntaxError(Reporter.scala:22)
	at scala.meta.internal.parsers.ScalametaParser.syntaxErrorExpected(ScalametaParser.scala:852)
	at scala.meta.internal.parsers.ScalametaParser.accept(ScalametaParser.scala:858)
	at scala.meta.internal.parsers.ScalametaParser.acceptStatSep(ScalametaParser.scala:867)
	at scala.meta.internal.parsers.ScalametaParser.acceptStatSepOpt(ScalametaParser.scala:871)
	at scala.meta.internal.parsers.ScalametaParser.statSeq(ScalametaParser.scala:4832)
	at scala.meta.internal.parsers.ScalametaParser.templateStats(ScalametaParser.scala:4901)
	at scala.meta.internal.parsers.ScalametaParser.templateStatSeq(ScalametaParser.scala:4881)
	at scala.meta.internal.parsers.ScalametaParser.$anonfun$templateBody$1(ScalametaParser.scala:4730)
	at scala.meta.internal.parsers.ScalametaParser.inBraces(ScalametaParser.scala:729)
	at scala.meta.internal.parsers.ScalametaParser.templateBody(ScalametaParser.scala:4730)
	at scala.meta.internal.parsers.ScalametaParser.templateBodyOpt(ScalametaParser.scala:4738)
	at scala.meta.internal.parsers.ScalametaParser.template(ScalametaParser.scala:4668)
	at scala.meta.internal.parsers.ScalametaParser.$anonfun$template$1(ScalametaParser.scala:4687)
	at scala.meta.internal.parsers.ScalametaParser.atPos(ScalametaParser.scala:817)
	at scala.meta.internal.parsers.ScalametaParser.autoPos(ScalametaParser.scala:833)
	at scala.meta.internal.parsers.ScalametaParser.template(ScalametaParser.scala:4672)
	at scala.meta.internal.parsers.ScalametaParser.templateOpt(ScalametaParser.scala:4713)
	at scala.meta.internal.parsers.ScalametaParser.$anonfun$classDef$1(ScalametaParser.scala:4400)
	at scala.meta.internal.parsers.ScalametaParser.atPos(ScalametaParser.scala:817)
	at scala.meta.internal.parsers.ScalametaParser.classDef(ScalametaParser.scala:4376)
	at scala.meta.internal.parsers.ScalametaParser.tmplDef(ScalametaParser.scala:4332)
	at scala.meta.internal.parsers.ScalametaParser.topLevelTmplDef(ScalametaParser.scala:4320)
	at scala.meta.internal.parsers.ScalametaParser$$anonfun$topStat$1.applyOrElse(ScalametaParser.scala:4851)
	at scala.meta.internal.parsers.ScalametaParser$$anonfun$topStat$1.applyOrElse(ScalametaParser.scala:4839)
	at scala.runtime.AbstractPartialFunction.apply(AbstractPartialFunction.scala:38)
	at scala.meta.internal.parsers.ScalametaParser.statSeq(ScalametaParser.scala:4829)
	at scala.meta.internal.parsers.ScalametaParser.topStatSeq(ScalametaParser.scala:4838)
	at scala.meta.internal.parsers.ScalametaParser.bracelessPackageStats$1(ScalametaParser.scala:5044)
	at scala.meta.internal.parsers.ScalametaParser.$anonfun$batchSource$9(ScalametaParser.scala:5050)
	at scala.meta.internal.parsers.ScalametaParser.atPos(ScalametaParser.scala:817)
	at scala.meta.internal.parsers.ScalametaParser.$anonfun$batchSource$1(ScalametaParser.scala:5050)
	at scala.meta.internal.parsers.ScalametaParser.atPos(ScalametaParser.scala:817)
	at scala.meta.internal.parsers.ScalametaParser.autoPos(ScalametaParser.scala:833)
	at scala.meta.internal.parsers.ScalametaParser.batchSource(ScalametaParser.scala:5018)
	at scala.meta.internal.parsers.ScalametaParser.$anonfun$source$1(ScalametaParser.scala:5001)
	at scala.meta.internal.parsers.ScalametaParser.atPos(ScalametaParser.scala:817)
	at scala.meta.internal.parsers.ScalametaParser.autoPos(ScalametaParser.scala:833)
	at scala.meta.internal.parsers.ScalametaParser.source(ScalametaParser.scala:5000)
	at scala.meta.internal.parsers.ScalametaParser.entrypointSource(ScalametaParser.scala:5006)
	at scala.meta.internal.parsers.ScalametaParser.$anonfun$parseSource$2(ScalametaParser.scala:142)
	at scala.meta.internal.parsers.ScalametaParser.parseRule(ScalametaParser.scala:52)
	at scala.meta.internal.parsers.ScalametaParser.parseSource(ScalametaParser.scala:142)
	at scala.meta.parsers.Parse$.$anonfun$parseSource$1(Parse.scala:29)
	at scala.meta.internal.parsers.ScalametaParser$$anon$257.apply(ScalametaParser.scala:5063)
	at scala.meta.parsers.Api$XtensionParseDialectInput.parse(Api.scala:25)
	at scala.meta.internal.semanticdb.scalac.ParseOps$XtensionCompilationUnitSource.toSource(ParseOps.scala:17)
	at scala.meta.internal.semanticdb.scalac.TextDocumentOps$XtensionCompilationUnitDocument.toTextDocument(TextDocumentOps.scala:201)
	at scala.meta.internal.pc.SemanticdbTextDocumentProvider.textDocument(SemanticdbTextDocumentProvider.scala:51)

Apr 08, 2021 4:29:57 PM scala.meta.internal.pc.CompilerAccess handleError
SEVERE: file%3A%2F%2F%2Fhome%2Fmonis%2FDesktop%2Fchisel-quickstart%2Fsrc%2Fmain%2Fscala%2FLab7%2FExercise1_Lab7.scala:16: error: ; expected but . found
    arb_priority.io.in(2) <> .io.out
                             ^
file%3A%2F%2F%2Fhome%2Fmonis%2FDesktop%2Fchisel-quickstart%2Fsrc%2Fmain%2Fscala%2FLab7%2FExercise1_Lab7.scala:16: error: ; expected but . found
    arb_priority.io.in(2) <> .io.out
                             ^
	at scala.meta.internal.parsers.Reporter.syntaxError(Reporter.scala:16)
	at scala.meta.internal.parsers.Reporter.syntaxError$(Reporter.scala:16)
	at scala.meta.internal.parsers.Reporter$$anon$1.syntaxError(Reporter.scala:22)
	at scala.meta.internal.parsers.Reporter.syntaxError(Reporter.scala:17)
	at scala.meta.internal.parsers.Reporter.syntaxError$(Reporter.scala:17)
	at scala.meta.internal.parsers.Reporter$$anon$1.syntaxError(Reporter.scala:22)
	at scala.meta.internal.parsers.ScalametaParser.syntaxErrorExpected(ScalametaParser.scala:852)
	at scala.meta.internal.parsers.ScalametaParser.accept(ScalametaParser.scala:858)
	at scala.meta.internal.parsers.ScalametaParser.acceptStatSep(ScalametaParser.scala:867)
	at scala.meta.internal.parsers.ScalametaParser.acceptStatSepOpt(ScalametaParser.scala:871)
	at scala.meta.internal.parsers.ScalametaParser.statSeq(ScalametaParser.scala:4832)
	at scala.meta.internal.parsers.ScalametaParser.templateStats(ScalametaParser.scala:4901)
	at scala.meta.internal.parsers.ScalametaParser.templateStatSeq(ScalametaParser.scala:4881)
	at scala.meta.internal.parsers.ScalametaParser.$anonfun$templateBody$1(ScalametaParser.scala:4730)
	at scala.meta.internal.parsers.ScalametaParser.inBraces(ScalametaParser.scala:729)
	at scala.meta.internal.parsers.ScalametaParser.templateBody(ScalametaParser.scala:4730)
	at scala.meta.internal.parsers.ScalametaParser.templateBodyOpt(ScalametaParser.scala:4738)
	at scala.meta.internal.parsers.ScalametaParser.template(ScalametaParser.scala:4668)
	at scala.meta.internal.parsers.ScalametaParser.$anonfun$template$1(ScalametaParser.scala:4687)
	at scala.meta.internal.parsers.ScalametaParser.atPos(ScalametaParser.scala:817)
	at scala.meta.internal.parsers.ScalametaParser.autoPos(ScalametaParser.scala:833)
	at scala.meta.internal.parsers.ScalametaParser.template(ScalametaParser.scala:4672)
	at scala.meta.internal.parsers.ScalametaParser.templateOpt(ScalametaParser.scala:4713)
	at scala.meta.internal.parsers.ScalametaParser.$anonfun$classDef$1(ScalametaParser.scala:4400)
	at scala.meta.internal.parsers.ScalametaParser.atPos(ScalametaParser.scala:817)
	at scala.meta.internal.parsers.ScalametaParser.classDef(ScalametaParser.scala:4376)
	at scala.meta.internal.parsers.ScalametaParser.tmplDef(ScalametaParser.scala:4332)
	at scala.meta.internal.parsers.ScalametaParser.topLevelTmplDef(ScalametaParser.scala:4320)
	at scala.meta.internal.parsers.ScalametaParser$$anonfun$topStat$1.applyOrElse(ScalametaParser.scala:4851)
	at scala.meta.internal.parsers.ScalametaParser$$anonfun$topStat$1.applyOrElse(ScalametaParser.scala:4839)
	at scala.runtime.AbstractPartialFunction.apply(AbstractPartialFunction.scala:38)
	at scala.meta.internal.parsers.ScalametaParser.statSeq(ScalametaParser.scala:4829)
	at scala.meta.internal.parsers.ScalametaParser.topStatSeq(ScalametaParser.scala:4838)
	at scala.meta.internal.parsers.ScalametaParser.bracelessPackageStats$1(ScalametaParser.scala:5044)
	at scala.meta.internal.parsers.ScalametaParser.$anonfun$batchSource$9(ScalametaParser.scala:5050)
	at scala.meta.internal.parsers.ScalametaParser.atPos(ScalametaParser.scala:817)
	at scala.meta.internal.parsers.ScalametaParser.$anonfun$batchSource$1(ScalametaParser.scala:5050)
	at scala.meta.internal.parsers.ScalametaParser.atPos(ScalametaParser.scala:817)
	at scala.meta.internal.parsers.ScalametaParser.autoPos(ScalametaParser.scala:833)
	at scala.meta.internal.parsers.ScalametaParser.batchSource(ScalametaParser.scala:5018)
	at scala.meta.internal.parsers.ScalametaParser.$anonfun$source$1(ScalametaParser.scala:5001)
	at scala.meta.internal.parsers.ScalametaParser.atPos(ScalametaParser.scala:817)
	at scala.meta.internal.parsers.ScalametaParser.autoPos(ScalametaParser.scala:833)
	at scala.meta.internal.parsers.ScalametaParser.source(ScalametaParser.scala:5000)
	at scala.meta.internal.parsers.ScalametaParser.entrypointSource(ScalametaParser.scala:5006)
	at scala.meta.internal.parsers.ScalametaParser.$anonfun$parseSource$2(ScalametaParser.scala:142)
	at scala.meta.internal.parsers.ScalametaParser.parseRule(ScalametaParser.scala:52)
	at scala.meta.internal.parsers.ScalametaParser.parseSource(ScalametaParser.scala:142)
	at scala.meta.parsers.Parse$.$anonfun$parseSource$1(Parse.scala:29)
	at scala.meta.internal.parsers.ScalametaParser$$anon$257.apply(ScalametaParser.scala:5063)
	at scala.meta.parsers.Api$XtensionParseDialectInput.parse(Api.scala:25)
	at scala.meta.internal.semanticdb.scalac.ParseOps$XtensionCompilationUnitSource.toSource(ParseOps.scala:17)
	at scala.meta.internal.semanticdb.scalac.TextDocumentOps$XtensionCompilationUnitDocument.toTextDocument(TextDocumentOps.scala:201)
	at scala.meta.internal.pc.SemanticdbTextDocumentProvider.textDocument(SemanticdbTextDocumentProvider.scala:51)

[0m2021.04.08 16:29:57 WARN  no build target for: /home/monis/Desktop/chisel-quickstart/src/main/scala/Lab7/Exercise1_Lab7.scala[0m
[0m2021.04.08 16:30:27 WARN  no build target for: /home/monis/Desktop/chisel-quickstart/src/main/scala/Lab7/Exercise1_Lab7.scala[0m
[0m2021.04.08 16:30:44 WARN  no build target for: /home/monis/Desktop/chisel-quickstart/src/main/scala/Lab7/Exercise1_Lab7.scala[0m
[0m2021.04.08 16:32:33 WARN  no build target for: /home/monis/Desktop/chisel-quickstart/src/main/scala/Lab6/Exercise4_Lab6.scala[0m
[0m2021.04.08 16:32:38 WARN  no build target for: /home/monis/Desktop/chisel-quickstart/src/main/scala/Lab6/Exercise4_Lab6.scala[0m
[0m2021.04.08 16:33:02 WARN  no build target for: /home/monis/Desktop/chisel-quickstart/src/main/scala/Lab7/Exercise1_Lab7.scala[0m
[0m2021.04.08 16:35:26 WARN  no build target for: /home/monis/Desktop/chisel-quickstart/src/main/scala/Lab7/Exercise1_Lab7.scala[0m
[0m2021.04.08 16:35:50 WARN  no build target for: /home/monis/Desktop/chisel-quickstart/src/test/scala/Lab7/Ex_test1.scala[0m
[0m2021.04.08 16:36:03 WARN  no build target for: /home/monis/Desktop/chisel-quickstart/src/main/scala/Lab7/Exercise1_Lab7.scala[0m
[0m2021.04.08 16:36:20 WARN  no build target for: /home/monis/Desktop/chisel-quickstart/src/main/scala/Lab7/Exercise1_Lab7.scala[0m
[0m2021.04.08 16:37:33 WARN  no build target for: /home/monis/Desktop/chisel-quickstart/src/test/scala/Lab6/Ex_test4.scala[0m
[0m2021.04.08 16:38:00 WARN  no build target for: /home/monis/Desktop/chisel-quickstart/src/test/scala/Lab7/Ex_test1.scala[0m
[0m2021.04.08 16:38:23 WARN  no build target for: /home/monis/Desktop/chisel-quickstart/src/test/scala/Lab7/Ex_test1.scala[0m
[0m2021.04.08 16:39:13 WARN  no build target for: /home/monis/Desktop/chisel-quickstart/src/main/scala/Lab7/Exercise1_Lab7.scala[0m
[0m2021.04.08 16:42:55 WARN  no build target for: /home/monis/Desktop/chisel-quickstart/src/main/scala/Lab7/Exercise1_Lab7.scala[0m
[0m2021.04.08 16:45:49 WARN  no build target for: /home/monis/Desktop/chisel-quickstart/src/main/scala/Lab7/Exercise1_Lab7.scala[0m
[0m2021.04.08 16:46:03 WARN  no build target for: /home/monis/Desktop/chisel-quickstart/src/main/scala/Lab6/Task2_Lab6.scala[0m
[0m2021.04.08 16:46:34 WARN  no build target for: /home/monis/Desktop/chisel-quickstart/src/main/scala/Lab7/Exercise1_Lab7.scala[0m
[0m2021.04.08 16:46:48 WARN  no build target for: /home/monis/Desktop/chisel-quickstart/src/main/scala/Lab7/Exercise1_Lab7.scala[0m
[0m2021.04.08 16:48:52 WARN  no build target for: /home/monis/Desktop/chisel-quickstart/src/main/scala/Lab7/Exercise1_Lab7.scala[0m
[0m2021.04.08 16:49:08 WARN  no build target for: /home/monis/Desktop/chisel-quickstart/src/test/scala/Lab7/Ex_test1.scala[0m
[0m2021.04.08 16:49:51 WARN  no build target for: /home/monis/Desktop/chisel-quickstart/src/main/scala/Lab7/Exercise1_Lab7.scala[0m
[0m2021.04.08 16:50:00 WARN  no build target for: /home/monis/Desktop/chisel-quickstart/src/main/scala/Lab7/Exercise1_Lab7.scala[0m
[0m2021.04.08 16:50:04 WARN  no build target for: /home/monis/Desktop/chisel-quickstart/src/test/scala/Lab7/Ex_test1.scala[0m
[0m2021.04.08 16:50:12 WARN  no build target for: /home/monis/Desktop/chisel-quickstart/src/main/scala/Lab7/Exercise1_Lab7.scala[0m
[0m2021.04.08 16:50:41 WARN  no build target for: /home/monis/Desktop/chisel-quickstart/src/test/scala/Lab7/Ex_test1.scala[0m
[0m2021.04.08 16:50:54 WARN  no build target for: /home/monis/Desktop/chisel-quickstart/src/test/scala/Lab7/Ex_test1.scala[0m
[0m2021.04.08 16:54:41 INFO  shutting down Metals[0m
[0m2021.04.08 16:54:41 INFO  Shut down connection with build server.[0m
No more data in the client stdin, exiting...
No more data in the server stdin, exiting...
No more data in the server stdin, exiting...
[0m2021.04.09 19:17:10 INFO  Started: Metals version 0.10.1 in workspace '/home/monis/Desktop/chisel-quickstart' for client vscode 1.54.3.[0m
[0m2021.04.09 19:17:13 INFO  time: initialize in 3.16s[0m
[0m2021.04.09 19:17:14 INFO  Attempting to connect to the build server...[0m
Starting the bsp launcher for bloop...
Opening a bsp server connection with 'bsp --protocol local --socket /tmp/bsp-launcher8831988826981232227/bsp.socket'...
Waiting for the bsp connection to come up...
[0m2021.04.09 19:17:15 WARN  no build target for: /home/monis/Desktop/chisel-quickstart/src/test/scala/Lab7/Ex_test1.scala[0m
[0m2021.04.09 19:17:16 INFO  skipping build import with status 'Requested'[0m
Waiting for the bsp connection to come up...
Waiting for the bsp connection to come up...
Waiting for the bsp connection to come up...
Waiting for the bsp connection to come up...
Waiting for the bsp connection to come up...
Waiting for the bsp connection to come up...
[0m2021.04.09 19:17:21 INFO  no build target: using presentation compiler with only scala-library: 2.12.13[0m
Waiting for the bsp connection to come up...
Waiting for the bsp connection to come up...
Waiting for the bsp connection to come up...
Waiting for the bsp connection to come up...
Waiting for the bsp connection to come up...
Waiting for the bsp connection to come up...
Waiting for the bsp connection to come up...
Waiting for the bsp connection to come up...
[0m2021.04.09 19:17:30 INFO  time: code lens generation in 13s[0m
Waiting for the bsp connection to come up...
No server running at 127.0.0.1:8212, let's fire one...
Resolving ch.epfl.scala:bloop-frontend_2.12:1.4.8...
Starting bloop server at 127.0.0.1:8212...
Attempting a connection to the server...
Attempting a connection to the server...
Attempting a connection to the server...
Attempting a connection to the server...
Attempting a connection to the server...
Attempting a connection to the server...
Attempting a connection to the server...
Attempting a connection to the server...
Attempting a connection to the server...
Attempting a connection to the server...
Attempting a connection to the server...
Attempting a connection to the server...
Attempting a connection to the server...
Attempting a connection to the server...
Attempting a connection to the server...
Attempting a connection to the server...
Attempting a connection to the server...
Attempting a connection to the server...
Attempting a connection to the server...
Attempting a connection to the server...
Attempting a connection to the server...
Attempting a connection to the server...
Attempting a connection to the server...
Attempting a connection to the server...
Attempting a connection to the server...
Attempting a connection to the server...
Attempting a connection to the server...
Attempting a connection to the server...
Attempting a connection to the server...
Attempting a connection to the server...
Attempting a connection to the server...
Attempting a connection to the server...
Attempting a connection to the server...
Attempting a connection to the server...
[0m[32m[D][0m Waiting for a connection at local:///tmp/bsp-launcher8831988826981232227/bsp.socket...
The server is listening for incoming connections at local:///tmp/bsp-launcher8831988826981232227/bsp.socket...
Starting thread that pumps stdin and redirects it to the bsp server...
Starting thread that pumps server stdout and redirects it to the client stdout...
[0m2021.04.09 19:17:31 INFO  tracing is disabled for protocol BSP, to enable tracing of incoming and outgoing JSON messages create an empty file at /home/monis/.cache/metals/bsp.trace.json[0m
[0m2021.04.09 19:17:32 INFO  time: Connected to build server in 17s[0m
[0m2021.04.09 19:17:32 INFO  Connected to Build server: Bloop v1.4.8[0m
[0m2021.04.09 19:17:32 ERROR Empty build targets. Expected at least one build target identifier.[0m
[0m2021.04.09 19:17:32 ERROR Empty build targets. Expected at least one build target identifier.[0m
[0m2021.04.09 19:17:32 ERROR Empty build targets. Expected at least one build target identifier.[0m
[0m2021.04.09 19:17:32 INFO  time: Imported build in 0.11s[0m
[0m2021.04.09 19:17:34 WARN  Could not find java sources in None. Java symbols will not be available.[0m
[0m2021.04.09 19:17:34 INFO  time: indexed workspace in 1.48s[0m
[0m2021.04.09 19:17:34 WARN  no build target for: /home/monis/Desktop/chisel-quickstart/src/test/scala/Lab7/Ex_test1.scala[0m
[0m2021.04.09 19:17:35 INFO  no build target: using presentation compiler with only scala-library: 2.12.13[0m
[0m2021.04.09 19:24:24 WARN  no build target for: /home/monis/Desktop/chisel-quickstart/src/main/scala/Lab7/Exercise1_Lab7.scala[0m
Apr 09, 2021 7:24:50 PM org.eclipse.lsp4j.jsonrpc.RemoteEndpoint handleCancellation
WARNING: Unmatched cancel notification for request id 39
[0m2021.04.09 19:25:48 WARN  no build target for: /home/monis/Desktop/chisel-quickstart/src/main/scala/Lab7/Exercise1_Lab7.scala[0m
[0m2021.04.09 19:26:22 WARN  no build target for: /home/monis/Desktop/chisel-quickstart/src/main/scala/Lab7/Task1_Lab6.scala[0m
[0m2021.04.09 19:28:21 WARN  no build target for: /home/monis/Desktop/chisel-quickstart/src/main/scala/Lab7/Task1_Lab6.scala[0m
Apr 09, 2021 7:28:34 PM org.eclipse.lsp4j.jsonrpc.RemoteEndpoint fallbackResponseError
SEVERE: Internal error: java.lang.IllegalArgumentException: 9 is not a valid line number, allowed [0..6]
java.util.concurrent.CompletionException: java.lang.IllegalArgumentException: 9 is not a valid line number, allowed [0..6]
	at java.base/java.util.concurrent.CompletableFuture.encodeThrowable(CompletableFuture.java:331)
	at java.base/java.util.concurrent.CompletableFuture.completeThrowable(CompletableFuture.java:346)
	at java.base/java.util.concurrent.CompletableFuture$UniAccept.tryFire(CompletableFuture.java:704)
	at java.base/java.util.concurrent.CompletableFuture.postComplete(CompletableFuture.java:506)
	at java.base/java.util.concurrent.CompletableFuture.completeExceptionally(CompletableFuture.java:2088)
	at scala.meta.internal.metals.CancelTokens$.$anonfun$future$1(CancelTokens.scala:40)
	at scala.meta.internal.metals.CancelTokens$.$anonfun$future$1$adapted(CancelTokens.scala:38)
	at scala.concurrent.impl.CallbackRunnable.run(Promise.scala:64)
	at java.base/java.util.concurrent.ThreadPoolExecutor.runWorker(ThreadPoolExecutor.java:1128)
	at java.base/java.util.concurrent.ThreadPoolExecutor$Worker.run(ThreadPoolExecutor.java:628)
	at java.base/java.lang.Thread.run(Thread.java:834)
Caused by: java.lang.IllegalArgumentException: 9 is not a valid line number, allowed [0..6]
	at scala.meta.internal.inputs.InternalInput.lineToOffset(InternalInput.scala:37)
	at scala.meta.internal.inputs.InternalInput.lineToOffset$(InternalInput.scala:32)
	at scala.meta.inputs.Input$VirtualFile.lineToOffset(Input.scala:80)
	at scala.meta.inputs.Position$Range$.apply(Position.scala:59)
	at scala.meta.internal.mtags.MtagsEnrichments$XtensionPositionLspInverse.toMeta(MtagsEnrichments.scala:200)
	at scala.meta.internal.parsing.Trees.$anonfun$findLastEnclosingAt$5(Trees.scala:71)
	at scala.Option.flatMap(Option.scala:271)
	at scala.meta.internal.parsing.Trees.findLastEnclosingAt(Trees.scala:70)
	at scala.meta.internal.metals.codeactions.InsertInferredType.$anonfun$contribute$1(InsertInferredType.scala:80)
	at scala.concurrent.Future$.$anonfun$apply$1(Future.scala:659)
	at scala.util.Success.$anonfun$map$1(Try.scala:255)
	at scala.util.Success.map(Try.scala:213)
	at scala.concurrent.Future.$anonfun$map$1(Future.scala:292)
	at scala.concurrent.impl.Promise.liftedTree1$1(Promise.scala:33)
	at scala.concurrent.impl.Promise.$anonfun$transform$1(Promise.scala:33)
	... 4 more

Apr 09, 2021 7:28:39 PM org.eclipse.lsp4j.jsonrpc.RemoteEndpoint fallbackResponseError
SEVERE: Internal error: java.lang.IllegalArgumentException: 7 is not a valid line number, allowed [0..6]
java.util.concurrent.CompletionException: java.lang.IllegalArgumentException: 7 is not a valid line number, allowed [0..6]
	at java.base/java.util.concurrent.CompletableFuture.encodeThrowable(CompletableFuture.java:331)
	at java.base/java.util.concurrent.CompletableFuture.completeThrowable(CompletableFuture.java:346)
	at java.base/java.util.concurrent.CompletableFuture$UniAccept.tryFire(CompletableFuture.java:704)
	at java.base/java.util.concurrent.CompletableFuture.postComplete(CompletableFuture.java:506)
	at java.base/java.util.concurrent.CompletableFuture.completeExceptionally(CompletableFuture.java:2088)
	at scala.meta.internal.metals.CancelTokens$.$anonfun$future$1(CancelTokens.scala:40)
	at scala.meta.internal.metals.CancelTokens$.$anonfun$future$1$adapted(CancelTokens.scala:38)
	at scala.concurrent.impl.CallbackRunnable.run(Promise.scala:64)
	at java.base/java.util.concurrent.ThreadPoolExecutor.runWorker(ThreadPoolExecutor.java:1128)
	at java.base/java.util.concurrent.ThreadPoolExecutor$Worker.run(ThreadPoolExecutor.java:628)
	at java.base/java.lang.Thread.run(Thread.java:834)
Caused by: java.lang.IllegalArgumentException: 7 is not a valid line number, allowed [0..6]
	at scala.meta.internal.inputs.InternalInput.lineToOffset(InternalInput.scala:37)
	at scala.meta.internal.inputs.InternalInput.lineToOffset$(InternalInput.scala:32)
	at scala.meta.inputs.Input$VirtualFile.lineToOffset(Input.scala:80)
	at scala.meta.inputs.Position$Range$.apply(Position.scala:59)
	at scala.meta.internal.mtags.MtagsEnrichments$XtensionPositionLspInverse.toMeta(MtagsEnrichments.scala:200)
	at scala.meta.internal.parsing.Trees.$anonfun$findLastEnclosingAt$5(Trees.scala:71)
	at scala.Option.flatMap(Option.scala:271)
	at scala.meta.internal.parsing.Trees.findLastEnclosingAt(Trees.scala:70)
	at scala.meta.internal.metals.codeactions.InsertInferredType.$anonfun$contribute$1(InsertInferredType.scala:80)
	at scala.concurrent.Future$.$anonfun$apply$1(Future.scala:659)
	at scala.util.Success.$anonfun$map$1(Try.scala:255)
	at scala.util.Success.map(Try.scala:213)
	at scala.concurrent.Future.$anonfun$map$1(Future.scala:292)
	at scala.concurrent.impl.Promise.liftedTree1$1(Promise.scala:33)
	at scala.concurrent.impl.Promise.$anonfun$transform$1(Promise.scala:33)
	... 4 more

Apr 09, 2021 7:28:40 PM org.eclipse.lsp4j.jsonrpc.RemoteEndpoint fallbackResponseError
SEVERE: Internal error: java.lang.IllegalArgumentException: 8 is not a valid line number, allowed [0..6]
java.util.concurrent.CompletionException: java.lang.IllegalArgumentException: 8 is not a valid line number, allowed [0..6]
	at java.base/java.util.concurrent.CompletableFuture.encodeThrowable(CompletableFuture.java:331)
	at java.base/java.util.concurrent.CompletableFuture.completeThrowable(CompletableFuture.java:346)
	at java.base/java.util.concurrent.CompletableFuture$UniAccept.tryFire(CompletableFuture.java:704)
	at java.base/java.util.concurrent.CompletableFuture.postComplete(CompletableFuture.java:506)
	at java.base/java.util.concurrent.CompletableFuture.completeExceptionally(CompletableFuture.java:2088)
	at scala.meta.internal.metals.CancelTokens$.$anonfun$future$1(CancelTokens.scala:40)
	at scala.meta.internal.metals.CancelTokens$.$anonfun$future$1$adapted(CancelTokens.scala:38)
	at scala.concurrent.impl.CallbackRunnable.run(Promise.scala:64)
	at java.base/java.util.concurrent.ThreadPoolExecutor.runWorker(ThreadPoolExecutor.java:1128)
	at java.base/java.util.concurrent.ThreadPoolExecutor$Worker.run(ThreadPoolExecutor.java:628)
	at java.base/java.lang.Thread.run(Thread.java:834)
Caused by: java.lang.IllegalArgumentException: 8 is not a valid line number, allowed [0..6]
	at scala.meta.internal.inputs.InternalInput.lineToOffset(InternalInput.scala:37)
	at scala.meta.internal.inputs.InternalInput.lineToOffset$(InternalInput.scala:32)
	at scala.meta.inputs.Input$VirtualFile.lineToOffset(Input.scala:80)
	at scala.meta.inputs.Position$Range$.apply(Position.scala:59)
	at scala.meta.internal.mtags.MtagsEnrichments$XtensionPositionLspInverse.toMeta(MtagsEnrichments.scala:200)
	at scala.meta.internal.parsing.Trees.$anonfun$findLastEnclosingAt$5(Trees.scala:71)
	at scala.Option.flatMap(Option.scala:271)
	at scala.meta.internal.parsing.Trees.findLastEnclosingAt(Trees.scala:70)
	at scala.meta.internal.metals.codeactions.InsertInferredType.$anonfun$contribute$1(InsertInferredType.scala:80)
	at scala.concurrent.Future$.$anonfun$apply$1(Future.scala:659)
	at scala.util.Success.$anonfun$map$1(Try.scala:255)
	at scala.util.Success.map(Try.scala:213)
	at scala.concurrent.Future.$anonfun$map$1(Future.scala:292)
	at scala.concurrent.impl.Promise.liftedTree1$1(Promise.scala:33)
	at scala.concurrent.impl.Promise.$anonfun$transform$1(Promise.scala:33)
	... 4 more

Apr 09, 2021 7:28:41 PM org.eclipse.lsp4j.jsonrpc.RemoteEndpoint fallbackResponseError
SEVERE: Internal error: java.lang.IllegalArgumentException: 9 is not a valid line number, allowed [0..6]
java.util.concurrent.CompletionException: java.lang.IllegalArgumentException: 9 is not a valid line number, allowed [0..6]
	at java.base/java.util.concurrent.CompletableFuture.encodeThrowable(CompletableFuture.java:331)
	at java.base/java.util.concurrent.CompletableFuture.completeThrowable(CompletableFuture.java:346)
	at java.base/java.util.concurrent.CompletableFuture$UniAccept.tryFire(CompletableFuture.java:704)
	at java.base/java.util.concurrent.CompletableFuture.postComplete(CompletableFuture.java:506)
	at java.base/java.util.concurrent.CompletableFuture.completeExceptionally(CompletableFuture.java:2088)
	at scala.meta.internal.metals.CancelTokens$.$anonfun$future$1(CancelTokens.scala:40)
	at scala.meta.internal.metals.CancelTokens$.$anonfun$future$1$adapted(CancelTokens.scala:38)
	at scala.concurrent.impl.CallbackRunnable.run(Promise.scala:64)
	at java.base/java.util.concurrent.ThreadPoolExecutor.runWorker(ThreadPoolExecutor.java:1128)
	at java.base/java.util.concurrent.ThreadPoolExecutor$Worker.run(ThreadPoolExecutor.java:628)
	at java.base/java.lang.Thread.run(Thread.java:834)
Caused by: java.lang.IllegalArgumentException: 9 is not a valid line number, allowed [0..6]
	at scala.meta.internal.inputs.InternalInput.lineToOffset(InternalInput.scala:37)
	at scala.meta.internal.inputs.InternalInput.lineToOffset$(InternalInput.scala:32)
	at scala.meta.inputs.Input$VirtualFile.lineToOffset(Input.scala:80)
	at scala.meta.inputs.Position$Range$.apply(Position.scala:59)
	at scala.meta.internal.mtags.MtagsEnrichments$XtensionPositionLspInverse.toMeta(MtagsEnrichments.scala:200)
	at scala.meta.internal.parsing.Trees.$anonfun$findLastEnclosingAt$5(Trees.scala:71)
	at scala.Option.flatMap(Option.scala:271)
	at scala.meta.internal.parsing.Trees.findLastEnclosingAt(Trees.scala:70)
	at scala.meta.internal.metals.codeactions.InsertInferredType.$anonfun$contribute$1(InsertInferredType.scala:80)
	at scala.concurrent.Future$.$anonfun$apply$1(Future.scala:659)
	at scala.util.Success.$anonfun$map$1(Try.scala:255)
	at scala.util.Success.map(Try.scala:213)
	at scala.concurrent.Future.$anonfun$map$1(Future.scala:292)
	at scala.concurrent.impl.Promise.liftedTree1$1(Promise.scala:33)
	at scala.concurrent.impl.Promise.$anonfun$transform$1(Promise.scala:33)
	... 4 more

Apr 09, 2021 7:28:42 PM org.eclipse.lsp4j.jsonrpc.RemoteEndpoint fallbackResponseError
SEVERE: Internal error: java.lang.IllegalArgumentException: 9 is not a valid line number, allowed [0..6]
java.util.concurrent.CompletionException: java.lang.IllegalArgumentException: 9 is not a valid line number, allowed [0..6]
	at java.base/java.util.concurrent.CompletableFuture.encodeThrowable(CompletableFuture.java:331)
	at java.base/java.util.concurrent.CompletableFuture.completeThrowable(CompletableFuture.java:346)
	at java.base/java.util.concurrent.CompletableFuture$UniAccept.tryFire(CompletableFuture.java:704)
	at java.base/java.util.concurrent.CompletableFuture.postComplete(CompletableFuture.java:506)
	at java.base/java.util.concurrent.CompletableFuture.completeExceptionally(CompletableFuture.java:2088)
	at scala.meta.internal.metals.CancelTokens$.$anonfun$future$1(CancelTokens.scala:40)
	at scala.meta.internal.metals.CancelTokens$.$anonfun$future$1$adapted(CancelTokens.scala:38)
	at scala.concurrent.impl.CallbackRunnable.run(Promise.scala:64)
	at java.base/java.util.concurrent.ThreadPoolExecutor.runWorker(ThreadPoolExecutor.java:1128)
	at java.base/java.util.concurrent.ThreadPoolExecutor$Worker.run(ThreadPoolExecutor.java:628)
	at java.base/java.lang.Thread.run(Thread.java:834)
Caused by: java.lang.IllegalArgumentException: 9 is not a valid line number, allowed [0..6]
	at scala.meta.internal.inputs.InternalInput.lineToOffset(InternalInput.scala:37)
	at scala.meta.internal.inputs.InternalInput.lineToOffset$(InternalInput.scala:32)
	at scala.meta.inputs.Input$VirtualFile.lineToOffset(Input.scala:80)
	at scala.meta.inputs.Position$Range$.apply(Position.scala:59)
	at scala.meta.internal.mtags.MtagsEnrichments$XtensionPositionLspInverse.toMeta(MtagsEnrichments.scala:200)
	at scala.meta.internal.parsing.Trees.$anonfun$findLastEnclosingAt$5(Trees.scala:71)
	at scala.Option.flatMap(Option.scala:271)
	at scala.meta.internal.parsing.Trees.findLastEnclosingAt(Trees.scala:70)
	at scala.meta.internal.metals.codeactions.InsertInferredType.$anonfun$contribute$1(InsertInferredType.scala:80)
	at scala.concurrent.Future$.$anonfun$apply$1(Future.scala:659)
	at scala.util.Success.$anonfun$map$1(Try.scala:255)
	at scala.util.Success.map(Try.scala:213)
	at scala.concurrent.Future.$anonfun$map$1(Future.scala:292)
	at scala.concurrent.impl.Promise.liftedTree1$1(Promise.scala:33)
	at scala.concurrent.impl.Promise.$anonfun$transform$1(Promise.scala:33)
	... 4 more

Apr 09, 2021 7:28:50 PM org.eclipse.lsp4j.jsonrpc.RemoteEndpoint fallbackResponseError
SEVERE: Internal error: java.lang.IllegalArgumentException: 11 is not a valid line number, allowed [0..6]
java.util.concurrent.CompletionException: java.lang.IllegalArgumentException: 11 is not a valid line number, allowed [0..6]
	at java.base/java.util.concurrent.CompletableFuture.encodeThrowable(CompletableFuture.java:331)
	at java.base/java.util.concurrent.CompletableFuture.completeThrowable(CompletableFuture.java:346)
	at java.base/java.util.concurrent.CompletableFuture$UniAccept.tryFire(CompletableFuture.java:704)
	at java.base/java.util.concurrent.CompletableFuture.postComplete(CompletableFuture.java:506)
	at java.base/java.util.concurrent.CompletableFuture.completeExceptionally(CompletableFuture.java:2088)
	at scala.meta.internal.metals.CancelTokens$.$anonfun$future$1(CancelTokens.scala:40)
	at scala.meta.internal.metals.CancelTokens$.$anonfun$future$1$adapted(CancelTokens.scala:38)
	at scala.concurrent.impl.CallbackRunnable.run(Promise.scala:64)
	at java.base/java.util.concurrent.ThreadPoolExecutor.runWorker(ThreadPoolExecutor.java:1128)
	at java.base/java.util.concurrent.ThreadPoolExecutor$Worker.run(ThreadPoolExecutor.java:628)
	at java.base/java.lang.Thread.run(Thread.java:834)
Caused by: java.lang.IllegalArgumentException: 11 is not a valid line number, allowed [0..6]
	at scala.meta.internal.inputs.InternalInput.lineToOffset(InternalInput.scala:37)
	at scala.meta.internal.inputs.InternalInput.lineToOffset$(InternalInput.scala:32)
	at scala.meta.inputs.Input$VirtualFile.lineToOffset(Input.scala:80)
	at scala.meta.inputs.Position$Range$.apply(Position.scala:59)
	at scala.meta.internal.mtags.MtagsEnrichments$XtensionPositionLspInverse.toMeta(MtagsEnrichments.scala:200)
	at scala.meta.internal.parsing.Trees.$anonfun$findLastEnclosingAt$5(Trees.scala:71)
	at scala.Option.flatMap(Option.scala:271)
	at scala.meta.internal.parsing.Trees.findLastEnclosingAt(Trees.scala:70)
	at scala.meta.internal.metals.codeactions.InsertInferredType.$anonfun$contribute$1(InsertInferredType.scala:80)
	at scala.concurrent.Future$.$anonfun$apply$1(Future.scala:659)
	at scala.util.Success.$anonfun$map$1(Try.scala:255)
	at scala.util.Success.map(Try.scala:213)
	at scala.concurrent.Future.$anonfun$map$1(Future.scala:292)
	at scala.concurrent.impl.Promise.liftedTree1$1(Promise.scala:33)
	at scala.concurrent.impl.Promise.$anonfun$transform$1(Promise.scala:33)
	... 4 more

Apr 09, 2021 7:28:51 PM org.eclipse.lsp4j.jsonrpc.RemoteEndpoint fallbackResponseError
SEVERE: Internal error: java.lang.IllegalArgumentException: 11 is not a valid line number, allowed [0..6]
java.util.concurrent.CompletionException: java.lang.IllegalArgumentException: 11 is not a valid line number, allowed [0..6]
	at java.base/java.util.concurrent.CompletableFuture.encodeThrowable(CompletableFuture.java:331)
	at java.base/java.util.concurrent.CompletableFuture.completeThrowable(CompletableFuture.java:346)
	at java.base/java.util.concurrent.CompletableFuture$UniAccept.tryFire(CompletableFuture.java:704)
	at java.base/java.util.concurrent.CompletableFuture.postComplete(CompletableFuture.java:506)
	at java.base/java.util.concurrent.CompletableFuture.completeExceptionally(CompletableFuture.java:2088)
	at scala.meta.internal.metals.CancelTokens$.$anonfun$future$1(CancelTokens.scala:40)
	at scala.meta.internal.metals.CancelTokens$.$anonfun$future$1$adapted(CancelTokens.scala:38)
	at scala.concurrent.impl.CallbackRunnable.run(Promise.scala:64)
	at java.base/java.util.concurrent.ThreadPoolExecutor.runWorker(ThreadPoolExecutor.java:1128)
	at java.base/java.util.concurrent.ThreadPoolExecutor$Worker.run(ThreadPoolExecutor.java:628)
	at java.base/java.lang.Thread.run(Thread.java:834)
Caused by: java.lang.IllegalArgumentException: 11 is not a valid line number, allowed [0..6]
	at scala.meta.internal.inputs.InternalInput.lineToOffset(InternalInput.scala:37)
	at scala.meta.internal.inputs.InternalInput.lineToOffset$(InternalInput.scala:32)
	at scala.meta.inputs.Input$VirtualFile.lineToOffset(Input.scala:80)
	at scala.meta.inputs.Position$Range$.apply(Position.scala:59)
	at scala.meta.internal.mtags.MtagsEnrichments$XtensionPositionLspInverse.toMeta(MtagsEnrichments.scala:200)
	at scala.meta.internal.parsing.Trees.$anonfun$findLastEnclosingAt$5(Trees.scala:71)
	at scala.Option.flatMap(Option.scala:271)
	at scala.meta.internal.parsing.Trees.findLastEnclosingAt(Trees.scala:70)
	at scala.meta.internal.metals.codeactions.InsertInferredType.$anonfun$contribute$1(InsertInferredType.scala:80)
	at scala.concurrent.Future$.$anonfun$apply$1(Future.scala:659)
	at scala.util.Success.$anonfun$map$1(Try.scala:255)
	at scala.util.Success.map(Try.scala:213)
	at scala.concurrent.Future.$anonfun$map$1(Future.scala:292)
	at scala.concurrent.impl.Promise.liftedTree1$1(Promise.scala:33)
	at scala.concurrent.impl.Promise.$anonfun$transform$1(Promise.scala:33)
	... 4 more

Apr 09, 2021 7:29:00 PM org.eclipse.lsp4j.jsonrpc.RemoteEndpoint fallbackResponseError
SEVERE: Internal error: java.lang.IllegalArgumentException: 13 is not a valid line number, allowed [0..6]
java.util.concurrent.CompletionException: java.lang.IllegalArgumentException: 13 is not a valid line number, allowed [0..6]
	at java.base/java.util.concurrent.CompletableFuture.encodeThrowable(CompletableFuture.java:331)
	at java.base/java.util.concurrent.CompletableFuture.completeThrowable(CompletableFuture.java:346)
	at java.base/java.util.concurrent.CompletableFuture$UniAccept.tryFire(CompletableFuture.java:704)
	at java.base/java.util.concurrent.CompletableFuture.postComplete(CompletableFuture.java:506)
	at java.base/java.util.concurrent.CompletableFuture.completeExceptionally(CompletableFuture.java:2088)
	at scala.meta.internal.metals.CancelTokens$.$anonfun$future$1(CancelTokens.scala:40)
	at scala.meta.internal.metals.CancelTokens$.$anonfun$future$1$adapted(CancelTokens.scala:38)
	at scala.concurrent.impl.CallbackRunnable.run(Promise.scala:64)
	at java.base/java.util.concurrent.ThreadPoolExecutor.runWorker(ThreadPoolExecutor.java:1128)
	at java.base/java.util.concurrent.ThreadPoolExecutor$Worker.run(ThreadPoolExecutor.java:628)
	at java.base/java.lang.Thread.run(Thread.java:834)
Caused by: java.lang.IllegalArgumentException: 13 is not a valid line number, allowed [0..6]
	at scala.meta.internal.inputs.InternalInput.lineToOffset(InternalInput.scala:37)
	at scala.meta.internal.inputs.InternalInput.lineToOffset$(InternalInput.scala:32)
	at scala.meta.inputs.Input$VirtualFile.lineToOffset(Input.scala:80)
	at scala.meta.inputs.Position$Range$.apply(Position.scala:59)
	at scala.meta.internal.mtags.MtagsEnrichments$XtensionPositionLspInverse.toMeta(MtagsEnrichments.scala:200)
	at scala.meta.internal.parsing.Trees.$anonfun$findLastEnclosingAt$5(Trees.scala:71)
	at scala.Option.flatMap(Option.scala:271)
	at scala.meta.internal.parsing.Trees.findLastEnclosingAt(Trees.scala:70)
	at scala.meta.internal.metals.codeactions.InsertInferredType.$anonfun$contribute$1(InsertInferredType.scala:80)
	at scala.concurrent.Future$.$anonfun$apply$1(Future.scala:659)
	at scala.util.Success.$anonfun$map$1(Try.scala:255)
	at scala.util.Success.map(Try.scala:213)
	at scala.concurrent.Future.$anonfun$map$1(Future.scala:292)
	at scala.concurrent.impl.Promise.liftedTree1$1(Promise.scala:33)
	at scala.concurrent.impl.Promise.$anonfun$transform$1(Promise.scala:33)
	... 4 more

Apr 09, 2021 7:29:01 PM org.eclipse.lsp4j.jsonrpc.RemoteEndpoint fallbackResponseError
SEVERE: Internal error: java.lang.IllegalArgumentException: 13 is not a valid line number, allowed [0..6]
java.util.concurrent.CompletionException: java.lang.IllegalArgumentException: 13 is not a valid line number, allowed [0..6]
	at java.base/java.util.concurrent.CompletableFuture.encodeThrowable(CompletableFuture.java:331)
	at java.base/java.util.concurrent.CompletableFuture.completeThrowable(CompletableFuture.java:346)
	at java.base/java.util.concurrent.CompletableFuture$UniAccept.tryFire(CompletableFuture.java:704)
	at java.base/java.util.concurrent.CompletableFuture.postComplete(CompletableFuture.java:506)
	at java.base/java.util.concurrent.CompletableFuture.completeExceptionally(CompletableFuture.java:2088)
	at scala.meta.internal.metals.CancelTokens$.$anonfun$future$1(CancelTokens.scala:40)
	at scala.meta.internal.metals.CancelTokens$.$anonfun$future$1$adapted(CancelTokens.scala:38)
	at scala.concurrent.impl.CallbackRunnable.run(Promise.scala:64)
	at java.base/java.util.concurrent.ThreadPoolExecutor.runWorker(ThreadPoolExecutor.java:1128)
	at java.base/java.util.concurrent.ThreadPoolExecutor$Worker.run(ThreadPoolExecutor.java:628)
	at java.base/java.lang.Thread.run(Thread.java:834)
Caused by: java.lang.IllegalArgumentException: 13 is not a valid line number, allowed [0..6]
	at scala.meta.internal.inputs.InternalInput.lineToOffset(InternalInput.scala:37)
	at scala.meta.internal.inputs.InternalInput.lineToOffset$(InternalInput.scala:32)
	at scala.meta.inputs.Input$VirtualFile.lineToOffset(Input.scala:80)
	at scala.meta.inputs.Position$Range$.apply(Position.scala:59)
	at scala.meta.internal.mtags.MtagsEnrichments$XtensionPositionLspInverse.toMeta(MtagsEnrichments.scala:200)
	at scala.meta.internal.parsing.Trees.$anonfun$findLastEnclosingAt$5(Trees.scala:71)
	at scala.Option.flatMap(Option.scala:271)
	at scala.meta.internal.parsing.Trees.findLastEnclosingAt(Trees.scala:70)
	at scala.meta.internal.metals.codeactions.InsertInferredType.$anonfun$contribute$1(InsertInferredType.scala:80)
	at scala.concurrent.Future$.$anonfun$apply$1(Future.scala:659)
	at scala.util.Success.$anonfun$map$1(Try.scala:255)
	at scala.util.Success.map(Try.scala:213)
	at scala.concurrent.Future.$anonfun$map$1(Future.scala:292)
	at scala.concurrent.impl.Promise.liftedTree1$1(Promise.scala:33)
	at scala.concurrent.impl.Promise.$anonfun$transform$1(Promise.scala:33)
	... 4 more

Apr 09, 2021 7:29:03 PM org.eclipse.lsp4j.jsonrpc.RemoteEndpoint fallbackResponseError
SEVERE: Internal error: java.lang.IllegalArgumentException: 13 is not a valid line number, allowed [0..6]
java.util.concurrent.CompletionException: java.lang.IllegalArgumentException: 13 is not a valid line number, allowed [0..6]
	at java.base/java.util.concurrent.CompletableFuture.encodeThrowable(CompletableFuture.java:331)
	at java.base/java.util.concurrent.CompletableFuture.completeThrowable(CompletableFuture.java:346)
	at java.base/java.util.concurrent.CompletableFuture$UniAccept.tryFire(CompletableFuture.java:704)
	at java.base/java.util.concurrent.CompletableFuture.postComplete(CompletableFuture.java:506)
	at java.base/java.util.concurrent.CompletableFuture.completeExceptionally(CompletableFuture.java:2088)
	at scala.meta.internal.metals.CancelTokens$.$anonfun$future$1(CancelTokens.scala:40)
	at scala.meta.internal.metals.CancelTokens$.$anonfun$future$1$adapted(CancelTokens.scala:38)
	at scala.concurrent.impl.CallbackRunnable.run(Promise.scala:64)
	at java.base/java.util.concurrent.ThreadPoolExecutor.runWorker(ThreadPoolExecutor.java:1128)
	at java.base/java.util.concurrent.ThreadPoolExecutor$Worker.run(ThreadPoolExecutor.java:628)
	at java.base/java.lang.Thread.run(Thread.java:834)
Caused by: java.lang.IllegalArgumentException: 13 is not a valid line number, allowed [0..6]
	at scala.meta.internal.inputs.InternalInput.lineToOffset(InternalInput.scala:37)
	at scala.meta.internal.inputs.InternalInput.lineToOffset$(InternalInput.scala:32)
	at scala.meta.inputs.Input$VirtualFile.lineToOffset(Input.scala:80)
	at scala.meta.inputs.Position$Range$.apply(Position.scala:59)
	at scala.meta.internal.mtags.MtagsEnrichments$XtensionPositionLspInverse.toMeta(MtagsEnrichments.scala:200)
	at scala.meta.internal.parsing.Trees.$anonfun$findLastEnclosingAt$5(Trees.scala:71)
	at scala.Option.flatMap(Option.scala:271)
	at scala.meta.internal.parsing.Trees.findLastEnclosingAt(Trees.scala:70)
	at scala.meta.internal.metals.codeactions.InsertInferredType.$anonfun$contribute$1(InsertInferredType.scala:80)
	at scala.concurrent.Future$.$anonfun$apply$1(Future.scala:659)
	at scala.util.Success.$anonfun$map$1(Try.scala:255)
	at scala.util.Success.map(Try.scala:213)
	at scala.concurrent.Future.$anonfun$map$1(Future.scala:292)
	at scala.concurrent.impl.Promise.liftedTree1$1(Promise.scala:33)
	at scala.concurrent.impl.Promise.$anonfun$transform$1(Promise.scala:33)
	... 4 more

Apr 09, 2021 7:29:03 PM org.eclipse.lsp4j.jsonrpc.RemoteEndpoint fallbackResponseError
SEVERE: Internal error: java.lang.IllegalArgumentException: 13 is not a valid line number, allowed [0..6]
java.util.concurrent.CompletionException: java.lang.IllegalArgumentException: 13 is not a valid line number, allowed [0..6]
	at java.base/java.util.concurrent.CompletableFuture.encodeThrowable(CompletableFuture.java:331)
	at java.base/java.util.concurrent.CompletableFuture.completeThrowable(CompletableFuture.java:346)
	at java.base/java.util.concurrent.CompletableFuture$UniAccept.tryFire(CompletableFuture.java:704)
	at java.base/java.util.concurrent.CompletableFuture.postComplete(CompletableFuture.java:506)
	at java.base/java.util.concurrent.CompletableFuture.completeExceptionally(CompletableFuture.java:2088)
	at scala.meta.internal.metals.CancelTokens$.$anonfun$future$1(CancelTokens.scala:40)
	at scala.meta.internal.metals.CancelTokens$.$anonfun$future$1$adapted(CancelTokens.scala:38)
	at scala.concurrent.impl.CallbackRunnable.run(Promise.scala:64)
	at java.base/java.util.concurrent.ThreadPoolExecutor.runWorker(ThreadPoolExecutor.java:1128)
	at java.base/java.util.concurrent.ThreadPoolExecutor$Worker.run(ThreadPoolExecutor.java:628)
	at java.base/java.lang.Thread.run(Thread.java:834)
Caused by: java.lang.IllegalArgumentException: 13 is not a valid line number, allowed [0..6]
	at scala.meta.internal.inputs.InternalInput.lineToOffset(InternalInput.scala:37)
	at scala.meta.internal.inputs.InternalInput.lineToOffset$(InternalInput.scala:32)
	at scala.meta.inputs.Input$VirtualFile.lineToOffset(Input.scala:80)
	at scala.meta.inputs.Position$Range$.apply(Position.scala:59)
	at scala.meta.internal.mtags.MtagsEnrichments$XtensionPositionLspInverse.toMeta(MtagsEnrichments.scala:200)
	at scala.meta.internal.parsing.Trees.$anonfun$findLastEnclosingAt$5(Trees.scala:71)
	at scala.Option.flatMap(Option.scala:271)
	at scala.meta.internal.parsing.Trees.findLastEnclosingAt(Trees.scala:70)
	at scala.meta.internal.metals.codeactions.InsertInferredType.$anonfun$contribute$1(InsertInferredType.scala:80)
	at scala.concurrent.Future$.$anonfun$apply$1(Future.scala:659)
	at scala.util.Success.$anonfun$map$1(Try.scala:255)
	at scala.util.Success.map(Try.scala:213)
	at scala.concurrent.Future.$anonfun$map$1(Future.scala:292)
	at scala.concurrent.impl.Promise.liftedTree1$1(Promise.scala:33)
	at scala.concurrent.impl.Promise.$anonfun$transform$1(Promise.scala:33)
	... 4 more

Apr 09, 2021 7:29:05 PM org.eclipse.lsp4j.jsonrpc.RemoteEndpoint fallbackResponseError
SEVERE: Internal error: java.lang.IllegalArgumentException: 13 is not a valid line number, allowed [0..6]
java.util.concurrent.CompletionException: java.lang.IllegalArgumentException: 13 is not a valid line number, allowed [0..6]
	at java.base/java.util.concurrent.CompletableFuture.encodeThrowable(CompletableFuture.java:331)
	at java.base/java.util.concurrent.CompletableFuture.completeThrowable(CompletableFuture.java:346)
	at java.base/java.util.concurrent.CompletableFuture$UniAccept.tryFire(CompletableFuture.java:704)
	at java.base/java.util.concurrent.CompletableFuture.postComplete(CompletableFuture.java:506)
	at java.base/java.util.concurrent.CompletableFuture.completeExceptionally(CompletableFuture.java:2088)
	at scala.meta.internal.metals.CancelTokens$.$anonfun$future$1(CancelTokens.scala:40)
	at scala.meta.internal.metals.CancelTokens$.$anonfun$future$1$adapted(CancelTokens.scala:38)
	at scala.concurrent.impl.CallbackRunnable.run(Promise.scala:64)
	at java.base/java.util.concurrent.ThreadPoolExecutor.runWorker(ThreadPoolExecutor.java:1128)
	at java.base/java.util.concurrent.ThreadPoolExecutor$Worker.run(ThreadPoolExecutor.java:628)
	at java.base/java.lang.Thread.run(Thread.java:834)
Caused by: java.lang.IllegalArgumentException: 13 is not a valid line number, allowed [0..6]
	at scala.meta.internal.inputs.InternalInput.lineToOffset(InternalInput.scala:37)
	at scala.meta.internal.inputs.InternalInput.lineToOffset$(InternalInput.scala:32)
	at scala.meta.inputs.Input$VirtualFile.lineToOffset(Input.scala:80)
	at scala.meta.inputs.Position$Range$.apply(Position.scala:59)
	at scala.meta.internal.mtags.MtagsEnrichments$XtensionPositionLspInverse.toMeta(MtagsEnrichments.scala:200)
	at scala.meta.internal.parsing.Trees.$anonfun$findLastEnclosingAt$5(Trees.scala:71)
	at scala.Option.flatMap(Option.scala:271)
	at scala.meta.internal.parsing.Trees.findLastEnclosingAt(Trees.scala:70)
	at scala.meta.internal.metals.codeactions.InsertInferredType.$anonfun$contribute$1(InsertInferredType.scala:80)
	at scala.concurrent.Future$.$anonfun$apply$1(Future.scala:659)
	at scala.util.Success.$anonfun$map$1(Try.scala:255)
	at scala.util.Success.map(Try.scala:213)
	at scala.concurrent.Future.$anonfun$map$1(Future.scala:292)
	at scala.concurrent.impl.Promise.liftedTree1$1(Promise.scala:33)
	at scala.concurrent.impl.Promise.$anonfun$transform$1(Promise.scala:33)
	... 4 more

Apr 09, 2021 7:29:07 PM org.eclipse.lsp4j.jsonrpc.RemoteEndpoint fallbackResponseError
SEVERE: Internal error: java.lang.IllegalArgumentException: 13 is not a valid line number, allowed [0..6]
java.util.concurrent.CompletionException: java.lang.IllegalArgumentException: 13 is not a valid line number, allowed [0..6]
	at java.base/java.util.concurrent.CompletableFuture.encodeThrowable(CompletableFuture.java:331)
	at java.base/java.util.concurrent.CompletableFuture.completeThrowable(CompletableFuture.java:346)
	at java.base/java.util.concurrent.CompletableFuture$UniAccept.tryFire(CompletableFuture.java:704)
	at java.base/java.util.concurrent.CompletableFuture.postComplete(CompletableFuture.java:506)
	at java.base/java.util.concurrent.CompletableFuture.completeExceptionally(CompletableFuture.java:2088)
	at scala.meta.internal.metals.CancelTokens$.$anonfun$future$1(CancelTokens.scala:40)
	at scala.meta.internal.metals.CancelTokens$.$anonfun$future$1$adapted(CancelTokens.scala:38)
	at scala.concurrent.impl.CallbackRunnable.run(Promise.scala:64)
	at java.base/java.util.concurrent.ThreadPoolExecutor.runWorker(ThreadPoolExecutor.java:1128)
	at java.base/java.util.concurrent.ThreadPoolExecutor$Worker.run(ThreadPoolExecutor.java:628)
	at java.base/java.lang.Thread.run(Thread.java:834)
Caused by: java.lang.IllegalArgumentException: 13 is not a valid line number, allowed [0..6]
	at scala.meta.internal.inputs.InternalInput.lineToOffset(InternalInput.scala:37)
	at scala.meta.internal.inputs.InternalInput.lineToOffset$(InternalInput.scala:32)
	at scala.meta.inputs.Input$VirtualFile.lineToOffset(Input.scala:80)
	at scala.meta.inputs.Position$Range$.apply(Position.scala:59)
	at scala.meta.internal.mtags.MtagsEnrichments$XtensionPositionLspInverse.toMeta(MtagsEnrichments.scala:200)
	at scala.meta.internal.parsing.Trees.$anonfun$findLastEnclosingAt$5(Trees.scala:71)
	at scala.Option.flatMap(Option.scala:271)
	at scala.meta.internal.parsing.Trees.findLastEnclosingAt(Trees.scala:70)
	at scala.meta.internal.metals.codeactions.InsertInferredType.$anonfun$contribute$1(InsertInferredType.scala:80)
	at scala.concurrent.Future$.$anonfun$apply$1(Future.scala:659)
	at scala.util.Success.$anonfun$map$1(Try.scala:255)
	at scala.util.Success.map(Try.scala:213)
	at scala.concurrent.Future.$anonfun$map$1(Future.scala:292)
	at scala.concurrent.impl.Promise.liftedTree1$1(Promise.scala:33)
	at scala.concurrent.impl.Promise.$anonfun$transform$1(Promise.scala:33)
	... 4 more

Apr 09, 2021 7:29:09 PM org.eclipse.lsp4j.jsonrpc.RemoteEndpoint fallbackResponseError
SEVERE: Internal error: java.lang.IllegalArgumentException: 13 is not a valid line number, allowed [0..6]
java.util.concurrent.CompletionException: java.lang.IllegalArgumentException: 13 is not a valid line number, allowed [0..6]
	at java.base/java.util.concurrent.CompletableFuture.encodeThrowable(CompletableFuture.java:331)
	at java.base/java.util.concurrent.CompletableFuture.completeThrowable(CompletableFuture.java:346)
	at java.base/java.util.concurrent.CompletableFuture$UniAccept.tryFire(CompletableFuture.java:704)
	at java.base/java.util.concurrent.CompletableFuture.postComplete(CompletableFuture.java:506)
	at java.base/java.util.concurrent.CompletableFuture.completeExceptionally(CompletableFuture.java:2088)
	at scala.meta.internal.metals.CancelTokens$.$anonfun$future$1(CancelTokens.scala:40)
	at scala.meta.internal.metals.CancelTokens$.$anonfun$future$1$adapted(CancelTokens.scala:38)
	at scala.concurrent.impl.CallbackRunnable.run(Promise.scala:64)
	at java.base/java.util.concurrent.ThreadPoolExecutor.runWorker(ThreadPoolExecutor.java:1128)
	at java.base/java.util.concurrent.ThreadPoolExecutor$Worker.run(ThreadPoolExecutor.java:628)
	at java.base/java.lang.Thread.run(Thread.java:834)
Caused by: java.lang.IllegalArgumentException: 13 is not a valid line number, allowed [0..6]
	at scala.meta.internal.inputs.InternalInput.lineToOffset(InternalInput.scala:37)
	at scala.meta.internal.inputs.InternalInput.lineToOffset$(InternalInput.scala:32)
	at scala.meta.inputs.Input$VirtualFile.lineToOffset(Input.scala:80)
	at scala.meta.inputs.Position$Range$.apply(Position.scala:59)
	at scala.meta.internal.mtags.MtagsEnrichments$XtensionPositionLspInverse.toMeta(MtagsEnrichments.scala:200)
	at scala.meta.internal.parsing.Trees.$anonfun$findLastEnclosingAt$5(Trees.scala:71)
	at scala.Option.flatMap(Option.scala:271)
	at scala.meta.internal.parsing.Trees.findLastEnclosingAt(Trees.scala:70)
	at scala.meta.internal.metals.codeactions.InsertInferredType.$anonfun$contribute$1(InsertInferredType.scala:80)
	at scala.concurrent.Future$.$anonfun$apply$1(Future.scala:659)
	at scala.util.Success.$anonfun$map$1(Try.scala:255)
	at scala.util.Success.map(Try.scala:213)
	at scala.concurrent.Future.$anonfun$map$1(Future.scala:292)
	at scala.concurrent.impl.Promise.liftedTree1$1(Promise.scala:33)
	at scala.concurrent.impl.Promise.$anonfun$transform$1(Promise.scala:33)
	... 4 more

Apr 09, 2021 7:29:10 PM org.eclipse.lsp4j.jsonrpc.RemoteEndpoint fallbackResponseError
SEVERE: Internal error: java.lang.IllegalArgumentException: 13 is not a valid line number, allowed [0..6]
java.util.concurrent.CompletionException: java.lang.IllegalArgumentException: 13 is not a valid line number, allowed [0..6]
	at java.base/java.util.concurrent.CompletableFuture.encodeThrowable(CompletableFuture.java:331)
	at java.base/java.util.concurrent.CompletableFuture.completeThrowable(CompletableFuture.java:346)
	at java.base/java.util.concurrent.CompletableFuture$UniAccept.tryFire(CompletableFuture.java:704)
	at java.base/java.util.concurrent.CompletableFuture.postComplete(CompletableFuture.java:506)
	at java.base/java.util.concurrent.CompletableFuture.completeExceptionally(CompletableFuture.java:2088)
	at scala.meta.internal.metals.CancelTokens$.$anonfun$future$1(CancelTokens.scala:40)
	at scala.meta.internal.metals.CancelTokens$.$anonfun$future$1$adapted(CancelTokens.scala:38)
	at scala.concurrent.impl.CallbackRunnable.run(Promise.scala:64)
	at java.base/java.util.concurrent.ThreadPoolExecutor.runWorker(ThreadPoolExecutor.java:1128)
	at java.base/java.util.concurrent.ThreadPoolExecutor$Worker.run(ThreadPoolExecutor.java:628)
	at java.base/java.lang.Thread.run(Thread.java:834)
Caused by: java.lang.IllegalArgumentException: 13 is not a valid line number, allowed [0..6]
	at scala.meta.internal.inputs.InternalInput.lineToOffset(InternalInput.scala:37)
	at scala.meta.internal.inputs.InternalInput.lineToOffset$(InternalInput.scala:32)
	at scala.meta.inputs.Input$VirtualFile.lineToOffset(Input.scala:80)
	at scala.meta.inputs.Position$Range$.apply(Position.scala:59)
	at scala.meta.internal.mtags.MtagsEnrichments$XtensionPositionLspInverse.toMeta(MtagsEnrichments.scala:200)
	at scala.meta.internal.parsing.Trees.$anonfun$findLastEnclosingAt$5(Trees.scala:71)
	at scala.Option.flatMap(Option.scala:271)
	at scala.meta.internal.parsing.Trees.findLastEnclosingAt(Trees.scala:70)
	at scala.meta.internal.metals.codeactions.InsertInferredType.$anonfun$contribute$1(InsertInferredType.scala:80)
	at scala.concurrent.Future$.$anonfun$apply$1(Future.scala:659)
	at scala.util.Success.$anonfun$map$1(Try.scala:255)
	at scala.util.Success.map(Try.scala:213)
	at scala.concurrent.Future.$anonfun$map$1(Future.scala:292)
	at scala.concurrent.impl.Promise.liftedTree1$1(Promise.scala:33)
	at scala.concurrent.impl.Promise.$anonfun$transform$1(Promise.scala:33)
	... 4 more

Apr 09, 2021 7:29:11 PM org.eclipse.lsp4j.jsonrpc.RemoteEndpoint fallbackResponseError
SEVERE: Internal error: java.lang.IllegalArgumentException: 13 is not a valid line number, allowed [0..6]
java.util.concurrent.CompletionException: java.lang.IllegalArgumentException: 13 is not a valid line number, allowed [0..6]
	at java.base/java.util.concurrent.CompletableFuture.encodeThrowable(CompletableFuture.java:331)
	at java.base/java.util.concurrent.CompletableFuture.completeThrowable(CompletableFuture.java:346)
	at java.base/java.util.concurrent.CompletableFuture$UniAccept.tryFire(CompletableFuture.java:704)
	at java.base/java.util.concurrent.CompletableFuture.postComplete(CompletableFuture.java:506)
	at java.base/java.util.concurrent.CompletableFuture.completeExceptionally(CompletableFuture.java:2088)
	at scala.meta.internal.metals.CancelTokens$.$anonfun$future$1(CancelTokens.scala:40)
	at scala.meta.internal.metals.CancelTokens$.$anonfun$future$1$adapted(CancelTokens.scala:38)
	at scala.concurrent.impl.CallbackRunnable.run(Promise.scala:64)
	at java.base/java.util.concurrent.ThreadPoolExecutor.runWorker(ThreadPoolExecutor.java:1128)
	at java.base/java.util.concurrent.ThreadPoolExecutor$Worker.run(ThreadPoolExecutor.java:628)
	at java.base/java.lang.Thread.run(Thread.java:834)
Caused by: java.lang.IllegalArgumentException: 13 is not a valid line number, allowed [0..6]
	at scala.meta.internal.inputs.InternalInput.lineToOffset(InternalInput.scala:37)
	at scala.meta.internal.inputs.InternalInput.lineToOffset$(InternalInput.scala:32)
	at scala.meta.inputs.Input$VirtualFile.lineToOffset(Input.scala:80)
	at scala.meta.inputs.Position$Range$.apply(Position.scala:59)
	at scala.meta.internal.mtags.MtagsEnrichments$XtensionPositionLspInverse.toMeta(MtagsEnrichments.scala:200)
	at scala.meta.internal.parsing.Trees.$anonfun$findLastEnclosingAt$5(Trees.scala:71)
	at scala.Option.flatMap(Option.scala:271)
	at scala.meta.internal.parsing.Trees.findLastEnclosingAt(Trees.scala:70)
	at scala.meta.internal.metals.codeactions.InsertInferredType.$anonfun$contribute$1(InsertInferredType.scala:80)
	at scala.concurrent.Future$.$anonfun$apply$1(Future.scala:659)
	at scala.util.Success.$anonfun$map$1(Try.scala:255)
	at scala.util.Success.map(Try.scala:213)
	at scala.concurrent.Future.$anonfun$map$1(Future.scala:292)
	at scala.concurrent.impl.Promise.liftedTree1$1(Promise.scala:33)
	at scala.concurrent.impl.Promise.$anonfun$transform$1(Promise.scala:33)
	... 4 more

Apr 09, 2021 7:29:12 PM org.eclipse.lsp4j.jsonrpc.RemoteEndpoint fallbackResponseError
SEVERE: Internal error: java.lang.IllegalArgumentException: 13 is not a valid line number, allowed [0..6]
java.util.concurrent.CompletionException: java.lang.IllegalArgumentException: 13 is not a valid line number, allowed [0..6]
	at java.base/java.util.concurrent.CompletableFuture.encodeThrowable(CompletableFuture.java:331)
	at java.base/java.util.concurrent.CompletableFuture.completeThrowable(CompletableFuture.java:346)
	at java.base/java.util.concurrent.CompletableFuture$UniAccept.tryFire(CompletableFuture.java:704)
	at java.base/java.util.concurrent.CompletableFuture.postComplete(CompletableFuture.java:506)
	at java.base/java.util.concurrent.CompletableFuture.completeExceptionally(CompletableFuture.java:2088)
	at scala.meta.internal.metals.CancelTokens$.$anonfun$future$1(CancelTokens.scala:40)
	at scala.meta.internal.metals.CancelTokens$.$anonfun$future$1$adapted(CancelTokens.scala:38)
	at scala.concurrent.impl.CallbackRunnable.run(Promise.scala:64)
	at java.base/java.util.concurrent.ThreadPoolExecutor.runWorker(ThreadPoolExecutor.java:1128)
	at java.base/java.util.concurrent.ThreadPoolExecutor$Worker.run(ThreadPoolExecutor.java:628)
	at java.base/java.lang.Thread.run(Thread.java:834)
Caused by: java.lang.IllegalArgumentException: 13 is not a valid line number, allowed [0..6]
	at scala.meta.internal.inputs.InternalInput.lineToOffset(InternalInput.scala:37)
	at scala.meta.internal.inputs.InternalInput.lineToOffset$(InternalInput.scala:32)
	at scala.meta.inputs.Input$VirtualFile.lineToOffset(Input.scala:80)
	at scala.meta.inputs.Position$Range$.apply(Position.scala:59)
	at scala.meta.internal.mtags.MtagsEnrichments$XtensionPositionLspInverse.toMeta(MtagsEnrichments.scala:200)
	at scala.meta.internal.parsing.Trees.$anonfun$findLastEnclosingAt$5(Trees.scala:71)
	at scala.Option.flatMap(Option.scala:271)
	at scala.meta.internal.parsing.Trees.findLastEnclosingAt(Trees.scala:70)
	at scala.meta.internal.metals.codeactions.InsertInferredType.$anonfun$contribute$1(InsertInferredType.scala:80)
	at scala.concurrent.Future$.$anonfun$apply$1(Future.scala:659)
	at scala.util.Success.$anonfun$map$1(Try.scala:255)
	at scala.util.Success.map(Try.scala:213)
	at scala.concurrent.Future.$anonfun$map$1(Future.scala:292)
	at scala.concurrent.impl.Promise.liftedTree1$1(Promise.scala:33)
	at scala.concurrent.impl.Promise.$anonfun$transform$1(Promise.scala:33)
	... 4 more

Apr 09, 2021 7:29:13 PM org.eclipse.lsp4j.jsonrpc.RemoteEndpoint fallbackResponseError
SEVERE: Internal error: java.lang.IllegalArgumentException: 13 is not a valid line number, allowed [0..6]
java.util.concurrent.CompletionException: java.lang.IllegalArgumentException: 13 is not a valid line number, allowed [0..6]
	at java.base/java.util.concurrent.CompletableFuture.encodeThrowable(CompletableFuture.java:331)
	at java.base/java.util.concurrent.CompletableFuture.completeThrowable(CompletableFuture.java:346)
	at java.base/java.util.concurrent.CompletableFuture$UniAccept.tryFire(CompletableFuture.java:704)
	at java.base/java.util.concurrent.CompletableFuture.postComplete(CompletableFuture.java:506)
	at java.base/java.util.concurrent.CompletableFuture.completeExceptionally(CompletableFuture.java:2088)
	at scala.meta.internal.metals.CancelTokens$.$anonfun$future$1(CancelTokens.scala:40)
	at scala.meta.internal.metals.CancelTokens$.$anonfun$future$1$adapted(CancelTokens.scala:38)
	at scala.concurrent.impl.CallbackRunnable.run(Promise.scala:64)
	at java.base/java.util.concurrent.ThreadPoolExecutor.runWorker(ThreadPoolExecutor.java:1128)
	at java.base/java.util.concurrent.ThreadPoolExecutor$Worker.run(ThreadPoolExecutor.java:628)
	at java.base/java.lang.Thread.run(Thread.java:834)
Caused by: java.lang.IllegalArgumentException: 13 is not a valid line number, allowed [0..6]
	at scala.meta.internal.inputs.InternalInput.lineToOffset(InternalInput.scala:37)
	at scala.meta.internal.inputs.InternalInput.lineToOffset$(InternalInput.scala:32)
	at scala.meta.inputs.Input$VirtualFile.lineToOffset(Input.scala:80)
	at scala.meta.inputs.Position$Range$.apply(Position.scala:59)
	at scala.meta.internal.mtags.MtagsEnrichments$XtensionPositionLspInverse.toMeta(MtagsEnrichments.scala:200)
	at scala.meta.internal.parsing.Trees.$anonfun$findLastEnclosingAt$5(Trees.scala:71)
	at scala.Option.flatMap(Option.scala:271)
	at scala.meta.internal.parsing.Trees.findLastEnclosingAt(Trees.scala:70)
	at scala.meta.internal.metals.codeactions.InsertInferredType.$anonfun$contribute$1(InsertInferredType.scala:80)
	at scala.concurrent.Future$.$anonfun$apply$1(Future.scala:659)
	at scala.util.Success.$anonfun$map$1(Try.scala:255)
	at scala.util.Success.map(Try.scala:213)
	at scala.concurrent.Future.$anonfun$map$1(Future.scala:292)
	at scala.concurrent.impl.Promise.liftedTree1$1(Promise.scala:33)
	at scala.concurrent.impl.Promise.$anonfun$transform$1(Promise.scala:33)
	... 4 more

Apr 09, 2021 7:29:14 PM org.eclipse.lsp4j.jsonrpc.RemoteEndpoint fallbackResponseError
SEVERE: Internal error: java.lang.IllegalArgumentException: 13 is not a valid line number, allowed [0..6]
java.util.concurrent.CompletionException: java.lang.IllegalArgumentException: 13 is not a valid line number, allowed [0..6]
	at java.base/java.util.concurrent.CompletableFuture.encodeThrowable(CompletableFuture.java:331)
	at java.base/java.util.concurrent.CompletableFuture.completeThrowable(CompletableFuture.java:346)
	at java.base/java.util.concurrent.CompletableFuture$UniAccept.tryFire(CompletableFuture.java:704)
	at java.base/java.util.concurrent.CompletableFuture.postComplete(CompletableFuture.java:506)
	at java.base/java.util.concurrent.CompletableFuture.completeExceptionally(CompletableFuture.java:2088)
	at scala.meta.internal.metals.CancelTokens$.$anonfun$future$1(CancelTokens.scala:40)
	at scala.meta.internal.metals.CancelTokens$.$anonfun$future$1$adapted(CancelTokens.scala:38)
	at scala.concurrent.impl.CallbackRunnable.run(Promise.scala:64)
	at java.base/java.util.concurrent.ThreadPoolExecutor.runWorker(ThreadPoolExecutor.java:1128)
	at java.base/java.util.concurrent.ThreadPoolExecutor$Worker.run(ThreadPoolExecutor.java:628)
	at java.base/java.lang.Thread.run(Thread.java:834)
Caused by: java.lang.IllegalArgumentException: 13 is not a valid line number, allowed [0..6]
	at scala.meta.internal.inputs.InternalInput.lineToOffset(InternalInput.scala:37)
	at scala.meta.internal.inputs.InternalInput.lineToOffset$(InternalInput.scala:32)
	at scala.meta.inputs.Input$VirtualFile.lineToOffset(Input.scala:80)
	at scala.meta.inputs.Position$Range$.apply(Position.scala:59)
	at scala.meta.internal.mtags.MtagsEnrichments$XtensionPositionLspInverse.toMeta(MtagsEnrichments.scala:200)
	at scala.meta.internal.parsing.Trees.$anonfun$findLastEnclosingAt$5(Trees.scala:71)
	at scala.Option.flatMap(Option.scala:271)
	at scala.meta.internal.parsing.Trees.findLastEnclosingAt(Trees.scala:70)
	at scala.meta.internal.metals.codeactions.InsertInferredType.$anonfun$contribute$1(InsertInferredType.scala:80)
	at scala.concurrent.Future$.$anonfun$apply$1(Future.scala:659)
	at scala.util.Success.$anonfun$map$1(Try.scala:255)
	at scala.util.Success.map(Try.scala:213)
	at scala.concurrent.Future.$anonfun$map$1(Future.scala:292)
	at scala.concurrent.impl.Promise.liftedTree1$1(Promise.scala:33)
	at scala.concurrent.impl.Promise.$anonfun$transform$1(Promise.scala:33)
	... 4 more

[0m2021.04.09 19:30:26 WARN  no build target for: /home/monis/Desktop/chisel-quickstart/src/main/scala/Lab7/Task1_Lab6.scala[0m
[0m2021.04.09 19:31:20 WARN  no build target for: /home/monis/Desktop/chisel-quickstart/src/main/scala/Lab7/Task1_Lab6.scala[0m
[0m2021.04.09 19:31:46 WARN  no build target for: /home/monis/Desktop/chisel-quickstart/src/test/scala/Lab7/Task1_test.scala[0m
[0m2021.04.09 19:32:05 WARN  no build target for: /home/monis/Desktop/chisel-quickstart/src/test/scala/Lab7/Task1_test.scala[0m
[0m2021.04.09 19:32:12 WARN  no build target for: /home/monis/Desktop/chisel-quickstart/src/main/scala/Lab7/Task1_Lab7.scala[0m
[0m2021.04.09 19:32:19 WARN  no build target for: /home/monis/Desktop/chisel-quickstart/src/test/scala/Lab7/Task1_test.scala[0m
[0m2021.04.09 19:33:00 WARN  no build target for: /home/monis/Desktop/chisel-quickstart/src/test/scala/Lab7/Task1_test.scala[0m
[0m2021.04.09 19:36:33 WARN  no build target for: /home/monis/Desktop/chisel-quickstart/src/main/scala/Lab7/Task1_Lab7.scala[0m
[0m2021.04.09 19:37:01 WARN  no build target for: /home/monis/Desktop/chisel-quickstart/src/test/scala/Lab7/Task1_test.scala[0m
[0m2021.04.09 19:37:12 WARN  no build target for: /home/monis/Desktop/chisel-quickstart/src/test/scala/Lab7/Task1_test.scala[0m
[0m2021.04.09 19:43:45 WARN  no build target for: /home/monis/Desktop/chisel-quickstart/src/test/scala/Lab7/Task1_test.scala[0m
[0m2021.04.09 19:43:56 WARN  no build target for: /home/monis/Desktop/chisel-quickstart/src/test/scala/Lab7/Task1_test.scala[0m
[0m2021.04.09 19:44:35 WARN  no build target for: /home/monis/Desktop/chisel-quickstart/src/main/scala/Lab7/Task1_Lab7.scala[0m
[0m2021.04.09 19:44:49 WARN  no build target for: /home/monis/Desktop/chisel-quickstart/src/main/scala/Lab7/Task1_Lab7.scala[0m
[0m2021.04.09 19:44:56 WARN  no build target for: /home/monis/Desktop/chisel-quickstart/src/test/scala/Lab7/Task1_test.scala[0m
[0m2021.04.09 19:45:09 WARN  no build target for: /home/monis/Desktop/chisel-quickstart/src/main/scala/Lab7/Task1_Lab7.scala[0m
[0m2021.04.09 19:45:31 WARN  no build target for: /home/monis/Desktop/chisel-quickstart/src/main/scala/Lab7/Task1_Lab7.scala[0m
[0m2021.04.09 19:45:43 WARN  no build target for: /home/monis/Desktop/chisel-quickstart/src/main/scala/Lab7/Task1_Lab7.scala[0m
[0m2021.04.09 19:45:48 WARN  no build target for: /home/monis/Desktop/chisel-quickstart/src/main/scala/Lab7/Task1_Lab7.scala[0m
[0m2021.04.09 19:46:14 WARN  no build target for: /home/monis/Desktop/chisel-quickstart/src/test/scala/Lab7/Task1_test.scala[0m
[0m2021.04.09 19:46:38 WARN  no build target for: /home/monis/Desktop/chisel-quickstart/src/main/scala/Lab7/Task1_Lab7.scala[0m
[0m2021.04.09 19:47:07 WARN  no build target for: /home/monis/Desktop/chisel-quickstart/src/main/scala/Lab7/Task1_Lab7.scala[0m
[0m2021.04.09 19:47:22 WARN  no build target for: /home/monis/Desktop/chisel-quickstart/src/main/scala/Lab7/Task1_Lab7.scala[0m
[0m2021.04.09 19:47:30 WARN  no build target for: /home/monis/Desktop/chisel-quickstart/src/main/scala/Lab7/Task1_Lab7.scala[0m
[0m2021.04.09 19:47:58 WARN  no build target for: /home/monis/Desktop/chisel-quickstart/src/main/scala/Lab7/Task1_Lab7.scala[0m
[0m2021.04.09 19:49:26 WARN  no build target for: /home/monis/Desktop/chisel-quickstart/src/test/scala/Lab7/Task1_test.scala[0m
[0m2021.04.09 19:49:36 WARN  no build target for: /home/monis/Desktop/chisel-quickstart/src/main/scala/Lab7/Task1_Lab7.scala[0m
[0m2021.04.09 19:49:48 WARN  no build target for: /home/monis/Desktop/chisel-quickstart/src/main/scala/Lab7/Task1_Lab7.scala[0m
